0 verbose cli /usr/bin/node /usr/bin/npm
1 info using npm@9.6.7
2 info using node@v18.17.1
3 timing npm:load:whichnode Completed in 17ms
4 timing config:load:defaults Completed in 1ms
5 timing config:load:file:/usr/lib/node_modules/npm/npmrc Completed in 1ms
6 timing config:load:builtin Completed in 1ms
7 timing config:load:cli Completed in 1ms
8 timing config:load:env Completed in 0ms
9 timing config:load:project Completed in 0ms
10 timing config:load:file:/root/.npmrc Completed in 0ms
11 timing config:load:user Completed in 0ms
12 timing config:load:file:/usr/etc/npmrc Completed in 0ms
13 timing config:load:global Completed in 0ms
14 timing config:load:setEnvs Completed in 1ms
15 timing config:load Completed in 6ms
16 timing npm:load:configload Completed in 7ms
17 timing npm:load:mkdirpcache Completed in 0ms
18 timing npm:load:mkdirplogs Completed in 0ms
19 verbose title npm install
20 verbose argv "install"
21 timing npm:load:setTitle Completed in 1ms
22 timing config:load:flatten Completed in 2ms
23 timing npm:load:display Completed in 4ms
24 verbose logfile logs-max:10 dir:/root/.npm/_logs/2024-07-22T08_08_58_207Z-
25 verbose logfile /root/.npm/_logs/2024-07-22T08_08_58_207Z-debug-0.log
26 timing npm:load:logFile Completed in 8ms
27 timing npm:load:timers Completed in 0ms
28 timing npm:load:configScope Completed in 0ms
29 timing npm:load Completed in 38ms
30 timing arborist:ctor Completed in 1ms
31 silly logfile done cleaning log files
32 timing idealTree:init Completed in 109ms
33 timing idealTree:userRequests Completed in 0ms
34 silly idealTree buildDeps
35 timing idealTree:#root Completed in 0ms
36 timing idealTree:buildDeps Completed in 1ms
37 timing idealTree:fixDepFlags Completed in 0ms
38 timing idealTree Completed in 114ms
39 verbose shrinkwrap failed to load node_modules/.package-lock.json out of date, updated: node_modules
40 timing reify:loadTrees Completed in 243ms
41 timing reify:diffTrees Completed in 5ms
42 silly reify moves {}
43 timing reify:retireShallow Completed in 0ms
44 timing reify:createSparse Completed in 0ms
45 timing reify:loadBundles Completed in 0ms
46 silly audit bulk request {
46 silly audit   accepts: [ '1.3.8' ],
46 silly audit   'ansi-colors': [ '4.1.3' ],
46 silly audit   'ansi-regex': [ '5.0.1' ],
46 silly audit   'ansi-styles': [ '4.3.0' ],
46 silly audit   anymatch: [ '3.1.3' ],
46 silly audit   argparse: [ '2.0.1' ],
46 silly audit   'array-flatten': [ '1.1.1' ],
46 silly audit   'balanced-match': [ '1.0.2' ],
46 silly audit   'binary-extensions': [ '2.3.0' ],
46 silly audit   'body-parser': [ '1.20.2' ],
46 silly audit   'brace-expansion': [ '2.0.1' ],
46 silly audit   braces: [ '3.0.3' ],
46 silly audit   'browser-stdout': [ '1.3.1' ],
46 silly audit   bytes: [ '3.1.2' ],
46 silly audit   'call-bind': [ '1.0.7' ],
46 silly audit   camelcase: [ '6.3.0' ],
46 silly audit   chalk: [ '4.1.2' ],
46 silly audit   'supports-color': [ '7.2.0', '8.1.1' ],
46 silly audit   chokidar: [ '3.6.0' ],
46 silly audit   cliui: [ '7.0.4' ],
46 silly audit   'color-convert': [ '2.0.1' ],
46 silly audit   'color-name': [ '1.1.4' ],
46 silly audit   'content-disposition': [ '0.5.4' ],
46 silly audit   'content-type': [ '1.0.5' ],
46 silly audit   cookie: [ '0.6.0' ],
46 silly audit   'cookie-signature': [ '1.0.6' ],
46 silly audit   debug: [ '2.6.9', '4.3.5' ],
46 silly audit   decamelize: [ '4.0.0' ],
46 silly audit   'define-data-property': [ '1.1.4' ],
46 silly audit   depd: [ '2.0.0' ],
46 silly audit   destroy: [ '1.2.0' ],
46 silly audit   diff: [ '5.2.0' ],
46 silly audit   'ee-first': [ '1.1.1' ],
46 silly audit   'emoji-regex': [ '8.0.0' ],
46 silly audit   encodeurl: [ '1.0.2' ],
46 silly audit   'es-define-property': [ '1.0.0' ],
46 silly audit   'es-errors': [ '1.3.0' ],
46 silly audit   escalade: [ '3.1.2' ],
46 silly audit   'escape-html': [ '1.0.3' ],
46 silly audit   'escape-string-regexp': [ '4.0.0' ],
46 silly audit   etag: [ '1.8.1' ],
46 silly audit   express: [ '4.19.2' ],
46 silly audit   'fill-range': [ '7.1.1' ],
46 silly audit   finalhandler: [ '1.2.0' ],
46 silly audit   'find-up': [ '5.0.0' ],
46 silly audit   flat: [ '5.0.2' ],
46 silly audit   forwarded: [ '0.2.0' ],
46 silly audit   fresh: [ '0.5.2' ],
46 silly audit   'fs.realpath': [ '1.0.0' ],
46 silly audit   fsevents: [ '2.3.3' ],
46 silly audit   'function-bind': [ '1.1.2' ],
46 silly audit   'get-caller-file': [ '2.0.5' ],
46 silly audit   'get-intrinsic': [ '1.2.4' ],
46 silly audit   glob: [ '8.1.0' ],
46 silly audit   'glob-parent': [ '5.1.2' ],
46 silly audit   gopd: [ '1.0.1' ],
46 silly audit   'has-flag': [ '4.0.0' ],
46 silly audit   'has-property-descriptors': [ '1.0.2' ],
46 silly audit   'has-proto': [ '1.0.3' ],
46 silly audit   'has-symbols': [ '1.0.3' ],
46 silly audit   hasown: [ '2.0.2' ],
46 silly audit   he: [ '1.2.0' ],
46 silly audit   'http-errors': [ '2.0.0' ],
46 silly audit   'iconv-lite': [ '0.4.24' ],
46 silly audit   inflight: [ '1.0.6' ],
46 silly audit   inherits: [ '2.0.4' ],
46 silly audit   'ipaddr.js': [ '1.9.1' ],
46 silly audit   'is-binary-path': [ '2.1.0' ],
46 silly audit   'is-extglob': [ '2.1.1' ],
46 silly audit   'is-fullwidth-code-point': [ '3.0.0' ],
46 silly audit   'is-glob': [ '4.0.3' ],
46 silly audit   'is-number': [ '7.0.0' ],
46 silly audit   'is-plain-obj': [ '2.1.0' ],
46 silly audit   'is-unicode-supported': [ '0.1.0' ],
46 silly audit   'js-yaml': [ '4.1.0' ],
46 silly audit   'locate-path': [ '6.0.0' ],
46 silly audit   'log-symbols': [ '4.1.0' ],
46 silly audit   'media-typer': [ '0.3.0' ],
46 silly audit   'merge-descriptors': [ '1.0.1' ],
46 silly audit   methods: [ '1.1.2' ],
46 silly audit   mime: [ '1.6.0' ],
46 silly audit   'mime-db': [ '1.52.0' ],
46 silly audit   'mime-types': [ '2.1.35' ],
46 silly audit   minimatch: [ '5.1.6' ],
46 silly audit   mocha: [ '10.6.0' ],
46 silly audit   ms: [ '2.1.2', '2.1.3', '2.0.0' ],
46 silly audit   negotiator: [ '0.6.3' ],
46 silly audit   'normalize-path': [ '3.0.0' ],
46 silly audit   'object-inspect': [ '1.13.2' ],
46 silly audit   'on-finished': [ '2.4.1' ],
46 silly audit   once: [ '1.4.0' ],
46 silly audit   'p-limit': [ '3.1.0' ],
46 silly audit   'p-locate': [ '5.0.0' ],
46 silly audit   parseurl: [ '1.3.3' ],
46 silly audit   'path-exists': [ '4.0.0' ],
46 silly audit   'path-to-regexp': [ '0.1.7' ],
46 silly audit   picomatch: [ '2.3.1' ],
46 silly audit   'proxy-addr': [ '2.0.7' ],
46 silly audit   qs: [ '6.11.0' ],
46 silly audit   randombytes: [ '2.1.0' ],
46 silly audit   'range-parser': [ '1.2.1' ],
46 silly audit   'raw-body': [ '2.5.2' ],
46 silly audit   readdirp: [ '3.6.0' ],
46 silly audit   'require-directory': [ '2.1.1' ],
46 silly audit   'safe-buffer': [ '5.2.1' ],
46 silly audit   'safer-buffer': [ '2.1.2' ],
46 silly audit   send: [ '0.18.0' ],
46 silly audit   'serialize-javascript': [ '6.0.2' ],
46 silly audit   'serve-static': [ '1.15.0' ],
46 silly audit   'set-function-length': [ '1.2.2' ],
46 silly audit   setprototypeof: [ '1.2.0' ],
46 silly audit   'side-channel': [ '1.0.6' ],
46 silly audit   statuses: [ '2.0.1' ],
46 silly audit   'string-width': [ '4.2.3' ],
46 silly audit   'strip-ansi': [ '6.0.1' ],
46 silly audit   'strip-json-comments': [ '3.1.1' ],
46 silly audit   'to-regex-range': [ '5.0.1' ],
46 silly audit   toidentifier: [ '1.0.1' ],
46 silly audit   'type-is': [ '1.6.18' ],
46 silly audit   unpipe: [ '1.0.0' ],
46 silly audit   'utils-merge': [ '1.0.1' ],
46 silly audit   vary: [ '1.1.2' ],
46 silly audit   workerpool: [ '6.5.1' ],
46 silly audit   'wrap-ansi': [ '7.0.0' ],
46 silly audit   wrappy: [ '1.0.2' ],
46 silly audit   y18n: [ '5.0.8' ],
46 silly audit   yargs: [ '16.2.0' ],
46 silly audit   'yargs-parser': [ '20.2.9' ],
46 silly audit   'yargs-unparser': [ '2.0.0' ],
46 silly audit   'yocto-queue': [ '0.1.0' ]
46 silly audit }
47 verbose reify failed optional dependency /root/node_modules/fsevents
48 silly reify mark deleted [ '/root/node_modules/fsevents' ]
49 timing reifyNode:node_modules/fsevents Completed in 43ms
50 timing reify:unpack Completed in 44ms
51 timing reify:unretire Completed in 0ms
52 timing build:queue Completed in 3ms
53 timing build:deps Completed in 3ms
54 timing build Completed in 3ms
55 timing reify:build Completed in 4ms
56 timing reify:trash Completed in 0ms
57 timing reify:save Completed in 53ms
58 http fetch POST 200 https://registry.npmjs.org/-/npm/v1/security/advisories/bulk 384ms
59 timing auditReport:getReport Completed in 389ms
60 silly audit report {}
61 timing auditReport:init Completed in 0ms
62 timing reify:audit Completed in 390ms
63 timing reify Completed in 645ms
64 silly ADD
65 timing command:install Completed in 653ms
66 verbose exit 0
67 timing npm Completed in 878ms
68 info ok
