0 verbose cli /usr/bin/node /usr/bin/npm
1 info using npm@9.6.7
2 info using node@v18.17.1
3 timing npm:load:whichnode Completed in 12ms
4 timing config:load:defaults Completed in 2ms
5 timing config:load:file:/usr/lib/node_modules/npm/npmrc Completed in 6ms
6 timing config:load:builtin Completed in 6ms
7 timing config:load:cli Completed in 2ms
8 timing config:load:env Completed in 0ms
9 timing config:load:file:/root/myapp/.npmrc Completed in 0ms
10 timing config:load:project Completed in 3ms
11 timing config:load:file:/root/.npmrc Completed in 0ms
12 timing config:load:user Completed in 0ms
13 timing config:load:file:/usr/etc/npmrc Completed in 0ms
14 timing config:load:global Completed in 0ms
15 timing config:load:setEnvs Completed in 1ms
16 timing config:load Completed in 15ms
17 timing npm:load:configload Completed in 15ms
18 timing npm:load:mkdirpcache Completed in 0ms
19 timing npm:load:mkdirplogs Completed in 0ms
20 verbose title npm install express
21 verbose argv "install" "express"
22 timing npm:load:setTitle Completed in 1ms
23 timing config:load:flatten Completed in 3ms
24 timing npm:load:display Completed in 4ms
25 verbose logfile logs-max:10 dir:/root/.npm/_logs/2024-07-22T07_50_46_996Z-
26 verbose logfile /root/.npm/_logs/2024-07-22T07_50_46_996Z-debug-0.log
27 timing npm:load:logFile Completed in 7ms
28 timing npm:load:timers Completed in 0ms
29 timing npm:load:configScope Completed in 0ms
30 timing npm:load Completed in 40ms
31 timing arborist:ctor Completed in 1ms
32 silly logfile done cleaning log files
33 timing arborist:ctor Completed in 0ms
34 timing idealTree:init Completed in 12ms
35 timing idealTree:userRequests Completed in 2ms
36 silly idealTree buildDeps
37 silly fetch manifest express@*
38 http fetch GET 200 https://registry.npmjs.org/express 122ms (cache miss)
39 silly placeDep ROOT express@4.19.2 OK for: myapp@1.0.0 want: *
40 silly fetch manifest qs@6.11.0
41 silly fetch manifest depd@2.0.0
42 silly fetch manifest etag@~1.8.1
43 silly fetch manifest send@0.18.0
44 silly fetch manifest vary@~1.1.2
45 silly fetch manifest debug@2.6.9
46 silly fetch manifest fresh@0.5.2
47 silly fetch manifest cookie@0.6.0
48 silly fetch manifest accepts@~1.3.8
49 silly fetch manifest methods@~1.1.2
50 silly fetch manifest type-is@~1.6.18
51 silly fetch manifest parseurl@~1.3.3
52 silly fetch manifest statuses@2.0.1
53 silly fetch manifest encodeurl@~1.0.2
54 silly fetch manifest proxy-addr@~2.0.7
55 silly fetch manifest body-parser@1.20.2
56 silly fetch manifest escape-html@~1.0.3
57 silly fetch manifest http-errors@2.0.0
58 silly fetch manifest on-finished@2.4.1
59 silly fetch manifest safe-buffer@5.2.1
60 silly fetch manifest utils-merge@1.0.1
61 silly fetch manifest content-type@~1.0.4
62 silly fetch manifest finalhandler@1.2.0
63 silly fetch manifest range-parser@~1.2.1
64 silly fetch manifest serve-static@1.15.0
65 silly fetch manifest array-flatten@1.1.1
66 silly fetch manifest path-to-regexp@0.1.7
67 silly fetch manifest setprototypeof@1.2.0
68 silly fetch manifest cookie-signature@1.0.6
69 silly fetch manifest merge-descriptors@1.0.1
70 silly fetch manifest content-disposition@0.5.4
71 http fetch GET 200 https://registry.npmjs.org/depd 83ms (cache miss)
72 http fetch GET 200 https://registry.npmjs.org/qs 86ms (cache miss)
73 http fetch GET 200 https://registry.npmjs.org/escape-html 220ms (cache miss)
74 http fetch GET 200 https://registry.npmjs.org/encodeurl 222ms (cache miss)
75 http fetch GET 200 https://registry.npmjs.org/vary 229ms (cache miss)
76 http fetch GET 200 https://registry.npmjs.org/fresh 230ms (cache miss)
77 http fetch GET 200 https://registry.npmjs.org/methods 228ms (cache miss)
78 http fetch GET 200 https://registry.npmjs.org/parseurl 232ms (cache miss)
79 http fetch GET 200 https://registry.npmjs.org/on-finished 229ms (cache miss)
80 http fetch GET 200 https://registry.npmjs.org/etag 239ms (cache miss)
81 http fetch GET 200 https://registry.npmjs.org/content-type 229ms (cache miss)
82 http fetch GET 200 https://registry.npmjs.org/utils-merge 231ms (cache miss)
83 http fetch GET 200 https://registry.npmjs.org/statuses 236ms (cache miss)
84 http fetch GET 200 https://registry.npmjs.org/http-errors 235ms (cache miss)
85 http fetch GET 200 https://registry.npmjs.org/cookie 241ms (cache miss)
86 http fetch GET 200 https://registry.npmjs.org/safe-buffer 236ms (cache miss)
87 http fetch GET 200 https://registry.npmjs.org/range-parser 233ms (cache miss)
88 http fetch GET 200 https://registry.npmjs.org/array-flatten 230ms (cache miss)
89 http fetch GET 200 https://registry.npmjs.org/setprototypeof 231ms (cache miss)
90 http fetch GET 200 https://registry.npmjs.org/accepts 244ms (cache miss)
91 http fetch GET 200 https://registry.npmjs.org/merge-descriptors 231ms (cache miss)
92 http fetch GET 200 https://registry.npmjs.org/proxy-addr 242ms (cache miss)
93 http fetch GET 200 https://registry.npmjs.org/type-is 245ms (cache miss)
94 http fetch GET 200 https://registry.npmjs.org/cookie-signature 233ms (cache miss)
95 http fetch GET 200 https://registry.npmjs.org/body-parser 243ms (cache miss)
96 http fetch GET 200 https://registry.npmjs.org/finalhandler 240ms (cache miss)
97 http fetch GET 200 https://registry.npmjs.org/content-disposition 234ms (cache miss)
98 http fetch GET 200 https://registry.npmjs.org/send 254ms (cache miss)
99 http fetch GET 200 https://registry.npmjs.org/serve-static 241ms (cache miss)
100 http fetch GET 200 https://registry.npmjs.org/debug 256ms (cache miss)
101 http fetch GET 200 https://registry.npmjs.org/path-to-regexp 243ms (cache miss)
102 timing idealTree:#root Completed in 398ms
103 silly placeDep ROOT accepts@1.3.8 OK for: express@4.19.2 want: ~1.3.8
104 silly fetch manifest mime-types@~2.1.34
105 silly fetch manifest negotiator@0.6.3
106 silly placeDep ROOT array-flatten@1.1.1 OK for: express@4.19.2 want: 1.1.1
107 silly placeDep ROOT body-parser@1.20.2 OK for: express@4.19.2 want: 1.20.2
108 silly fetch manifest bytes@3.1.2
109 silly fetch manifest unpipe@1.0.0
110 silly fetch manifest destroy@1.2.0
111 silly fetch manifest raw-body@2.5.2
112 silly fetch manifest iconv-lite@0.4.24
113 silly fetch manifest content-type@~1.0.5
114 silly placeDep ROOT content-disposition@0.5.4 OK for: express@4.19.2 want: 0.5.4
115 silly placeDep ROOT content-type@1.0.5 OK for: express@4.19.2 want: ~1.0.4
116 silly placeDep ROOT cookie@0.6.0 OK for: express@4.19.2 want: 0.6.0
117 silly placeDep ROOT cookie-signature@1.0.6 OK for: express@4.19.2 want: 1.0.6
118 silly placeDep ROOT debug@2.6.9 OK for: express@4.19.2 want: 2.6.9
119 silly fetch manifest ms@2.0.0
120 silly placeDep ROOT depd@2.0.0 OK for: express@4.19.2 want: 2.0.0
121 silly placeDep ROOT encodeurl@1.0.2 OK for: express@4.19.2 want: ~1.0.2
122 silly placeDep ROOT escape-html@1.0.3 OK for: express@4.19.2 want: ~1.0.3
123 silly placeDep ROOT etag@1.8.1 OK for: express@4.19.2 want: ~1.8.1
124 silly placeDep ROOT finalhandler@1.2.0 OK for: express@4.19.2 want: 1.2.0
125 silly fetch manifest unpipe@~1.0.0
126 silly placeDep ROOT fresh@0.5.2 OK for: express@4.19.2 want: 0.5.2
127 silly placeDep ROOT http-errors@2.0.0 OK for: express@4.19.2 want: 2.0.0
128 silly fetch manifest inherits@2.0.4
129 silly fetch manifest toidentifier@1.0.1
130 silly placeDep ROOT merge-descriptors@1.0.1 OK for: express@4.19.2 want: 1.0.1
131 silly placeDep ROOT methods@1.1.2 OK for: express@4.19.2 want: ~1.1.2
132 silly placeDep ROOT on-finished@2.4.1 OK for: express@4.19.2 want: 2.4.1
133 silly fetch manifest ee-first@1.1.1
134 silly placeDep ROOT parseurl@1.3.3 OK for: express@4.19.2 want: ~1.3.3
135 silly placeDep ROOT path-to-regexp@0.1.7 OK for: express@4.19.2 want: 0.1.7
136 silly placeDep ROOT proxy-addr@2.0.7 OK for: express@4.19.2 want: ~2.0.7
137 silly fetch manifest forwarded@0.2.0
138 silly fetch manifest ipaddr.js@1.9.1
139 silly placeDep ROOT qs@6.11.0 OK for: express@4.19.2 want: 6.11.0
140 silly fetch manifest side-channel@^1.0.4
141 silly placeDep ROOT range-parser@1.2.1 OK for: express@4.19.2 want: ~1.2.1
142 silly placeDep ROOT safe-buffer@5.2.1 OK for: express@4.19.2 want: 5.2.1
143 silly placeDep ROOT send@0.18.0 OK for: express@4.19.2 want: 0.18.0
144 silly fetch manifest ms@2.1.3
145 silly fetch manifest mime@1.6.0
146 silly placeDep ROOT serve-static@1.15.0 OK for: express@4.19.2 want: 1.15.0
147 silly placeDep ROOT setprototypeof@1.2.0 OK for: express@4.19.2 want: 1.2.0
148 silly placeDep ROOT statuses@2.0.1 OK for: express@4.19.2 want: 2.0.1
149 silly placeDep ROOT type-is@1.6.18 OK for: express@4.19.2 want: ~1.6.18
150 silly fetch manifest media-typer@0.3.0
151 silly fetch manifest mime-types@~2.1.24
152 silly placeDep ROOT utils-merge@1.0.1 OK for: express@4.19.2 want: 1.0.1
153 silly placeDep ROOT vary@1.1.2 OK for: express@4.19.2 want: ~1.1.2
154 http fetch GET 200 https://registry.npmjs.org/npm 669ms (cache miss)
155 http fetch GET 200 https://registry.npmjs.org/unpipe 241ms (cache miss)
156 http fetch GET 200 https://registry.npmjs.org/ipaddr.js 217ms (cache miss)
157 http fetch GET 200 https://registry.npmjs.org/inherits 226ms (cache miss)
158 http fetch GET 200 https://registry.npmjs.org/toidentifier 225ms (cache miss)
159 http fetch GET 200 https://registry.npmjs.org/unpipe 231ms (cache miss)
160 http fetch GET 200 https://registry.npmjs.org/forwarded 221ms (cache miss)
161 http fetch GET 200 https://registry.npmjs.org/ee-first 224ms (cache miss)
162 http fetch GET 200 https://registry.npmjs.org/bytes 247ms (cache miss)
163 http fetch GET 200 https://registry.npmjs.org/destroy 246ms (cache miss)
164 http fetch GET 200 https://registry.npmjs.org/ms 239ms (cache miss)
165 http fetch GET 200 https://registry.npmjs.org/side-channel 222ms (cache miss)
166 http fetch GET 200 https://registry.npmjs.org/negotiator 264ms (cache miss)
167 http fetch GET 200 https://registry.npmjs.org/media-typer 209ms (cache miss)
168 http fetch GET 200 https://registry.npmjs.org/ms 214ms (cache miss)
169 http fetch GET 200 https://registry.npmjs.org/raw-body 249ms (cache miss)
170 http fetch GET 200 https://registry.npmjs.org/mime 215ms (cache miss)
171 http fetch GET 200 https://registry.npmjs.org/iconv-lite 251ms (cache miss)
172 http fetch GET 200 https://registry.npmjs.org/mime-types 270ms (cache miss)
173 http fetch GET 200 https://registry.npmjs.org/mime-types 214ms (cache miss)
174 timing idealTree:node_modules/express Completed in 299ms
175 silly placeDep ROOT mime-types@2.1.35 OK for: accepts@1.3.8 want: ~2.1.34
176 silly fetch manifest mime-db@1.52.0
177 silly placeDep ROOT negotiator@0.6.3 OK for: accepts@1.3.8 want: 0.6.3
178 http fetch GET 200 https://registry.npmjs.org/mime-db 29ms (cache miss)
179 timing idealTree:node_modules/accepts Completed in 33ms
180 timing idealTree:node_modules/array-flatten Completed in 0ms
181 silly placeDep ROOT bytes@3.1.2 OK for: body-parser@1.20.2 want: 3.1.2
182 silly placeDep ROOT destroy@1.2.0 OK for: body-parser@1.20.2 want: 1.2.0
183 silly placeDep ROOT iconv-lite@0.4.24 OK for: body-parser@1.20.2 want: 0.4.24
184 silly fetch manifest safer-buffer@>= 2.1.2 < 3
185 silly placeDep ROOT raw-body@2.5.2 OK for: body-parser@1.20.2 want: 2.5.2
186 silly placeDep ROOT unpipe@1.0.0 OK for: body-parser@1.20.2 want: 1.0.0
187 http fetch GET 200 https://registry.npmjs.org/safer-buffer 37ms (cache miss)
188 timing idealTree:node_modules/body-parser Completed in 41ms
189 timing idealTree:node_modules/bytes Completed in 0ms
190 timing idealTree:node_modules/content-disposition Completed in 0ms
191 timing idealTree:node_modules/content-type Completed in 0ms
192 timing idealTree:node_modules/cookie Completed in 0ms
193 timing idealTree:node_modules/cookie-signature Completed in 0ms
194 silly placeDep ROOT ms@2.0.0 OK for: debug@2.6.9 want: 2.0.0
195 timing idealTree:node_modules/debug Completed in 2ms
196 timing idealTree:node_modules/depd Completed in 0ms
197 timing idealTree:node_modules/destroy Completed in 0ms
198 timing idealTree:node_modules/encodeurl Completed in 0ms
199 timing idealTree:node_modules/escape-html Completed in 0ms
200 timing idealTree:node_modules/etag Completed in 0ms
201 timing idealTree:node_modules/finalhandler Completed in 0ms
202 timing idealTree:node_modules/fresh Completed in 0ms
203 silly placeDep ROOT inherits@2.0.4 OK for: http-errors@2.0.0 want: 2.0.4
204 silly placeDep ROOT toidentifier@1.0.1 OK for: http-errors@2.0.0 want: 1.0.1
205 timing idealTree:node_modules/http-errors Completed in 2ms
206 silly placeDep ROOT safer-buffer@2.1.2 OK for: iconv-lite@0.4.24 want: >= 2.1.2 < 3
207 timing idealTree:node_modules/iconv-lite Completed in 1ms
208 timing idealTree:node_modules/inherits Completed in 0ms
209 timing idealTree:node_modules/merge-descriptors Completed in 0ms
210 timing idealTree:node_modules/methods Completed in 0ms
211 silly placeDep ROOT mime-db@1.52.0 OK for: mime-types@2.1.35 want: 1.52.0
212 timing idealTree:node_modules/mime-types Completed in 1ms
213 timing idealTree:node_modules/mime-db Completed in 0ms
214 timing idealTree:node_modules/ms Completed in 0ms
215 timing idealTree:node_modules/negotiator Completed in 0ms
216 silly placeDep ROOT ee-first@1.1.1 OK for: on-finished@2.4.1 want: 1.1.1
217 timing idealTree:node_modules/on-finished Completed in 3ms
218 timing idealTree:node_modules/ee-first Completed in 0ms
219 timing idealTree:node_modules/parseurl Completed in 0ms
220 timing idealTree:node_modules/path-to-regexp Completed in 0ms
221 silly placeDep ROOT forwarded@0.2.0 OK for: proxy-addr@2.0.7 want: 0.2.0
222 silly placeDep ROOT ipaddr.js@1.9.1 OK for: proxy-addr@2.0.7 want: 1.9.1
223 timing idealTree:node_modules/proxy-addr Completed in 2ms
224 timing idealTree:node_modules/forwarded Completed in 0ms
225 timing idealTree:node_modules/ipaddr.js Completed in 0ms
226 silly placeDep ROOT side-channel@1.0.6 OK for: qs@6.11.0 want: ^1.0.4
227 silly fetch manifest call-bind@^1.0.7
228 silly fetch manifest es-errors@^1.3.0
229 silly fetch manifest get-intrinsic@^1.2.4
230 silly fetch manifest object-inspect@^1.13.1
231 http fetch GET 200 https://registry.npmjs.org/call-bind 31ms (cache miss)
232 http fetch GET 200 https://registry.npmjs.org/get-intrinsic 38ms (cache miss)
233 http fetch GET 200 https://registry.npmjs.org/object-inspect 41ms (cache miss)
234 http fetch GET 200 https://registry.npmjs.org/es-errors 44ms (cache miss)
235 timing idealTree:node_modules/qs Completed in 47ms
236 timing idealTree:node_modules/range-parser Completed in 0ms
237 timing idealTree:node_modules/raw-body Completed in 0ms
238 timing idealTree:node_modules/safe-buffer Completed in 0ms
239 timing idealTree:node_modules/safer-buffer Completed in 0ms
240 silly placeDep ROOT mime@1.6.0 OK for: send@0.18.0 want: 1.6.0
241 silly placeDep node_modules/send ms@2.1.3 OK for: send@0.18.0 want: 2.1.3
242 timing idealTree:node_modules/send Completed in 6ms
243 timing idealTree:node_modules/mime Completed in 0ms
244 timing idealTree:node_modules/serve-static Completed in 0ms
245 timing idealTree:node_modules/setprototypeof Completed in 0ms
246 silly placeDep ROOT call-bind@1.0.7 OK for: side-channel@1.0.6 want: ^1.0.7
247 silly fetch manifest es-define-property@^1.0.0
248 silly fetch manifest function-bind@^1.1.2
249 silly fetch manifest set-function-length@^1.2.1
250 silly placeDep ROOT es-errors@1.3.0 OK for: side-channel@1.0.6 want: ^1.3.0
251 silly placeDep ROOT get-intrinsic@1.2.4 OK for: side-channel@1.0.6 want: ^1.2.4
252 silly fetch manifest has-proto@^1.0.1
253 silly fetch manifest has-symbols@^1.0.3
254 silly fetch manifest hasown@^2.0.0
255 silly placeDep ROOT object-inspect@1.13.2 OK for: side-channel@1.0.6 want: ^1.13.1
256 http fetch GET 200 https://registry.npmjs.org/has-proto 55ms (cache miss)
257 http fetch GET 200 https://registry.npmjs.org/hasown 56ms (cache miss)
258 http fetch GET 200 https://registry.npmjs.org/function-bind 61ms (cache miss)
259 http fetch GET 200 https://registry.npmjs.org/es-define-property 63ms (cache miss)
260 http fetch GET 200 https://registry.npmjs.org/has-symbols 58ms (cache miss)
261 http fetch GET 200 https://registry.npmjs.org/set-function-length 61ms (cache miss)
262 timing idealTree:node_modules/side-channel Completed in 77ms
263 silly placeDep ROOT es-define-property@1.0.0 OK for: call-bind@1.0.7 want: ^1.0.0
264 silly placeDep ROOT function-bind@1.1.2 OK for: call-bind@1.0.7 want: ^1.1.2
265 silly placeDep ROOT set-function-length@1.2.2 OK for: call-bind@1.0.7 want: ^1.2.1
266 silly fetch manifest define-data-property@^1.1.4
267 silly fetch manifest gopd@^1.0.1
268 silly fetch manifest has-property-descriptors@^1.0.2
269 http fetch GET 200 https://registry.npmjs.org/gopd 36ms (cache miss)
270 http fetch GET 200 https://registry.npmjs.org/define-data-property 38ms (cache miss)
271 http fetch GET 200 https://registry.npmjs.org/has-property-descriptors 843ms (cache miss)
272 timing idealTree:node_modules/call-bind Completed in 849ms
273 timing idealTree:node_modules/es-define-property Completed in 0ms
274 timing idealTree:node_modules/es-errors Completed in 0ms
275 timing idealTree:node_modules/function-bind Completed in 0ms
276 silly placeDep ROOT has-proto@1.0.3 OK for: get-intrinsic@1.2.4 want: ^1.0.1
277 silly placeDep ROOT has-symbols@1.0.3 OK for: get-intrinsic@1.2.4 want: ^1.0.3
278 silly placeDep ROOT hasown@2.0.2 OK for: get-intrinsic@1.2.4 want: ^2.0.0
279 timing idealTree:node_modules/get-intrinsic Completed in 3ms
280 timing idealTree:node_modules/has-proto Completed in 0ms
281 timing idealTree:node_modules/has-symbols Completed in 0ms
282 timing idealTree:node_modules/hasown Completed in 0ms
283 timing idealTree:node_modules/object-inspect Completed in 0ms
284 silly placeDep ROOT define-data-property@1.1.4 OK for: set-function-length@1.2.2 want: ^1.1.4
285 silly placeDep ROOT gopd@1.0.1 OK for: set-function-length@1.2.2 want: ^1.0.1
286 silly placeDep ROOT has-property-descriptors@1.0.2 OK for: set-function-length@1.2.2 want: ^1.0.2
287 timing idealTree:node_modules/set-function-length Completed in 4ms
288 timing idealTree:node_modules/define-data-property Completed in 0ms
289 timing idealTree:node_modules/gopd Completed in 0ms
290 timing idealTree:node_modules/has-property-descriptors Completed in 0ms
291 timing idealTree:node_modules/statuses Completed in 0ms
292 timing idealTree:node_modules/toidentifier Completed in 0ms
293 silly placeDep ROOT media-typer@0.3.0 OK for: type-is@1.6.18 want: 0.3.0
294 timing idealTree:node_modules/type-is Completed in 1ms
295 timing idealTree:node_modules/media-typer Completed in 0ms
296 timing idealTree:node_modules/unpipe Completed in 0ms
297 timing idealTree:node_modules/utils-merge Completed in 0ms
298 timing idealTree:node_modules/vary Completed in 0ms
299 timing idealTree:node_modules/send/node_modules/ms Completed in 0ms
300 timing idealTree:buildDeps Completed in 1773ms
301 timing idealTree:fixDepFlags Completed in 1ms
302 timing idealTree Completed in 1792ms
303 timing reify:loadTrees Completed in 1793ms
304 timing reify:diffTrees Completed in 2ms
305 silly reify moves {}
306 timing reify:retireShallow Completed in 1ms
307 timing reify:createSparse Completed in 42ms
308 timing reify:loadBundles Completed in 0ms
309 silly audit bulk request {
309 silly audit   express: [ '4.19.2' ],
309 silly audit   accepts: [ '1.3.8' ],
309 silly audit   'array-flatten': [ '1.1.1' ],
309 silly audit   'body-parser': [ '1.20.2' ],
309 silly audit   'content-disposition': [ '0.5.4' ],
309 silly audit   'content-type': [ '1.0.5' ],
309 silly audit   cookie: [ '0.6.0' ],
309 silly audit   'cookie-signature': [ '1.0.6' ],
309 silly audit   debug: [ '2.6.9' ],
309 silly audit   depd: [ '2.0.0' ],
309 silly audit   encodeurl: [ '1.0.2' ],
309 silly audit   'escape-html': [ '1.0.3' ],
309 silly audit   etag: [ '1.8.1' ],
309 silly audit   finalhandler: [ '1.2.0' ],
309 silly audit   fresh: [ '0.5.2' ],
309 silly audit   'http-errors': [ '2.0.0' ],
309 silly audit   'merge-descriptors': [ '1.0.1' ],
309 silly audit   methods: [ '1.1.2' ],
309 silly audit   'on-finished': [ '2.4.1' ],
309 silly audit   parseurl: [ '1.3.3' ],
309 silly audit   'path-to-regexp': [ '0.1.7' ],
309 silly audit   'proxy-addr': [ '2.0.7' ],
309 silly audit   qs: [ '6.11.0' ],
309 silly audit   'range-parser': [ '1.2.1' ],
309 silly audit   'safe-buffer': [ '5.2.1' ],
309 silly audit   send: [ '0.18.0' ],
309 silly audit   'serve-static': [ '1.15.0' ],
309 silly audit   setprototypeof: [ '1.2.0' ],
309 silly audit   statuses: [ '2.0.1' ],
309 silly audit   'type-is': [ '1.6.18' ],
309 silly audit   'utils-merge': [ '1.0.1' ],
309 silly audit   vary: [ '1.1.2' ],
309 silly audit   'mime-types': [ '2.1.35' ],
309 silly audit   negotiator: [ '0.6.3' ],
309 silly audit   bytes: [ '3.1.2' ],
309 silly audit   destroy: [ '1.2.0' ],
309 silly audit   'iconv-lite': [ '0.4.24' ],
309 silly audit   'raw-body': [ '2.5.2' ],
309 silly audit   unpipe: [ '1.0.0' ],
309 silly audit   ms: [ '2.0.0', '2.1.3' ],
309 silly audit   inherits: [ '2.0.4' ],
309 silly audit   toidentifier: [ '1.0.1' ],
309 silly audit   'safer-buffer': [ '2.1.2' ],
309 silly audit   'mime-db': [ '1.52.0' ],
309 silly audit   'ee-first': [ '1.1.1' ],
309 silly audit   forwarded: [ '0.2.0' ],
309 silly audit   'ipaddr.js': [ '1.9.1' ],
309 silly audit   'side-channel': [ '1.0.6' ],
309 silly audit   mime: [ '1.6.0' ],
309 silly audit   'call-bind': [ '1.0.7' ],
309 silly audit   'es-errors': [ '1.3.0' ],
309 silly audit   'get-intrinsic': [ '1.2.4' ],
309 silly audit   'object-inspect': [ '1.13.2' ],
309 silly audit   'es-define-property': [ '1.0.0' ],
309 silly audit   'function-bind': [ '1.1.2' ],
309 silly audit   'set-function-length': [ '1.2.2' ],
309 silly audit   'has-proto': [ '1.0.3' ],
309 silly audit   'has-symbols': [ '1.0.3' ],
309 silly audit   hasown: [ '2.0.2' ],
309 silly audit   'define-data-property': [ '1.1.4' ],
309 silly audit   gopd: [ '1.0.1' ],
309 silly audit   'has-property-descriptors': [ '1.0.2' ],
309 silly audit   'media-typer': [ '0.3.0' ]
309 silly audit }
310 silly tarball no local data for media-typer@https://registry.npmjs.org/media-typer/-/media-typer-0.3.0.tgz. Extracting by manifest.
311 silly tarball no local data for has-property-descriptors@https://registry.npmjs.org/has-property-descriptors/-/has-property-descriptors-1.0.2.tgz. Extracting by manifest.
312 silly tarball no local data for gopd@https://registry.npmjs.org/gopd/-/gopd-1.0.1.tgz. Extracting by manifest.
313 silly tarball no local data for define-data-property@https://registry.npmjs.org/define-data-property/-/define-data-property-1.1.4.tgz. Extracting by manifest.
314 silly tarball no local data for hasown@https://registry.npmjs.org/hasown/-/hasown-2.0.2.tgz. Extracting by manifest.
315 silly tarball no local data for has-symbols@https://registry.npmjs.org/has-symbols/-/has-symbols-1.0.3.tgz. Extracting by manifest.
316 silly tarball no local data for has-proto@https://registry.npmjs.org/has-proto/-/has-proto-1.0.3.tgz. Extracting by manifest.
317 silly tarball no local data for set-function-length@https://registry.npmjs.org/set-function-length/-/set-function-length-1.2.2.tgz. Extracting by manifest.
318 silly tarball no local data for function-bind@https://registry.npmjs.org/function-bind/-/function-bind-1.1.2.tgz. Extracting by manifest.
319 silly tarball no local data for es-define-property@https://registry.npmjs.org/es-define-property/-/es-define-property-1.0.0.tgz. Extracting by manifest.
320 silly tarball no local data for object-inspect@https://registry.npmjs.org/object-inspect/-/object-inspect-1.13.2.tgz. Extracting by manifest.
321 silly tarball no local data for get-intrinsic@https://registry.npmjs.org/get-intrinsic/-/get-intrinsic-1.2.4.tgz. Extracting by manifest.
322 silly tarball no local data for es-errors@https://registry.npmjs.org/es-errors/-/es-errors-1.3.0.tgz. Extracting by manifest.
323 silly tarball no local data for call-bind@https://registry.npmjs.org/call-bind/-/call-bind-1.0.7.tgz. Extracting by manifest.
324 silly tarball no local data for mime@https://registry.npmjs.org/mime/-/mime-1.6.0.tgz. Extracting by manifest.
325 silly tarball no local data for side-channel@https://registry.npmjs.org/side-channel/-/side-channel-1.0.6.tgz. Extracting by manifest.
326 silly tarball no local data for ipaddr.js@https://registry.npmjs.org/ipaddr.js/-/ipaddr.js-1.9.1.tgz. Extracting by manifest.
327 silly tarball no local data for forwarded@https://registry.npmjs.org/forwarded/-/forwarded-0.2.0.tgz. Extracting by manifest.
328 silly tarball no local data for ee-first@https://registry.npmjs.org/ee-first/-/ee-first-1.1.1.tgz. Extracting by manifest.
329 silly tarball no local data for mime-db@https://registry.npmjs.org/mime-db/-/mime-db-1.52.0.tgz. Extracting by manifest.
330 silly tarball no local data for safer-buffer@https://registry.npmjs.org/safer-buffer/-/safer-buffer-2.1.2.tgz. Extracting by manifest.
331 silly tarball no local data for toidentifier@https://registry.npmjs.org/toidentifier/-/toidentifier-1.0.1.tgz. Extracting by manifest.
332 silly tarball no local data for inherits@https://registry.npmjs.org/inherits/-/inherits-2.0.4.tgz. Extracting by manifest.
333 silly tarball no local data for ms@https://registry.npmjs.org/ms/-/ms-2.0.0.tgz. Extracting by manifest.
334 silly tarball no local data for unpipe@https://registry.npmjs.org/unpipe/-/unpipe-1.0.0.tgz. Extracting by manifest.
335 silly tarball no local data for raw-body@https://registry.npmjs.org/raw-body/-/raw-body-2.5.2.tgz. Extracting by manifest.
336 silly tarball no local data for iconv-lite@https://registry.npmjs.org/iconv-lite/-/iconv-lite-0.4.24.tgz. Extracting by manifest.
337 silly tarball no local data for destroy@https://registry.npmjs.org/destroy/-/destroy-1.2.0.tgz. Extracting by manifest.
338 silly tarball no local data for bytes@https://registry.npmjs.org/bytes/-/bytes-3.1.2.tgz. Extracting by manifest.
339 silly tarball no local data for negotiator@https://registry.npmjs.org/negotiator/-/negotiator-0.6.3.tgz. Extracting by manifest.
340 silly tarball no local data for mime-types@https://registry.npmjs.org/mime-types/-/mime-types-2.1.35.tgz. Extracting by manifest.
341 silly tarball no local data for vary@https://registry.npmjs.org/vary/-/vary-1.1.2.tgz. Extracting by manifest.
342 silly tarball no local data for utils-merge@https://registry.npmjs.org/utils-merge/-/utils-merge-1.0.1.tgz. Extracting by manifest.
343 silly tarball no local data for type-is@https://registry.npmjs.org/type-is/-/type-is-1.6.18.tgz. Extracting by manifest.
344 silly tarball no local data for statuses@https://registry.npmjs.org/statuses/-/statuses-2.0.1.tgz. Extracting by manifest.
345 silly tarball no local data for setprototypeof@https://registry.npmjs.org/setprototypeof/-/setprototypeof-1.2.0.tgz. Extracting by manifest.
346 silly tarball no local data for serve-static@https://registry.npmjs.org/serve-static/-/serve-static-1.15.0.tgz. Extracting by manifest.
347 silly tarball no local data for send@https://registry.npmjs.org/send/-/send-0.18.0.tgz. Extracting by manifest.
348 silly tarball no local data for safe-buffer@https://registry.npmjs.org/safe-buffer/-/safe-buffer-5.2.1.tgz. Extracting by manifest.
349 silly tarball no local data for range-parser@https://registry.npmjs.org/range-parser/-/range-parser-1.2.1.tgz. Extracting by manifest.
350 silly tarball no local data for qs@https://registry.npmjs.org/qs/-/qs-6.11.0.tgz. Extracting by manifest.
351 silly tarball no local data for proxy-addr@https://registry.npmjs.org/proxy-addr/-/proxy-addr-2.0.7.tgz. Extracting by manifest.
352 silly tarball no local data for path-to-regexp@https://registry.npmjs.org/path-to-regexp/-/path-to-regexp-0.1.7.tgz. Extracting by manifest.
353 silly tarball no local data for parseurl@https://registry.npmjs.org/parseurl/-/parseurl-1.3.3.tgz. Extracting by manifest.
354 silly tarball no local data for on-finished@https://registry.npmjs.org/on-finished/-/on-finished-2.4.1.tgz. Extracting by manifest.
355 silly tarball no local data for methods@https://registry.npmjs.org/methods/-/methods-1.1.2.tgz. Extracting by manifest.
356 silly tarball no local data for merge-descriptors@https://registry.npmjs.org/merge-descriptors/-/merge-descriptors-1.0.1.tgz. Extracting by manifest.
357 silly tarball no local data for http-errors@https://registry.npmjs.org/http-errors/-/http-errors-2.0.0.tgz. Extracting by manifest.
358 silly tarball no local data for fresh@https://registry.npmjs.org/fresh/-/fresh-0.5.2.tgz. Extracting by manifest.
359 silly tarball no local data for finalhandler@https://registry.npmjs.org/finalhandler/-/finalhandler-1.2.0.tgz. Extracting by manifest.
360 silly tarball no local data for etag@https://registry.npmjs.org/etag/-/etag-1.8.1.tgz. Extracting by manifest.
361 silly tarball no local data for escape-html@https://registry.npmjs.org/escape-html/-/escape-html-1.0.3.tgz. Extracting by manifest.
362 silly tarball no local data for encodeurl@https://registry.npmjs.org/encodeurl/-/encodeurl-1.0.2.tgz. Extracting by manifest.
363 silly tarball no local data for depd@https://registry.npmjs.org/depd/-/depd-2.0.0.tgz. Extracting by manifest.
364 silly tarball no local data for debug@https://registry.npmjs.org/debug/-/debug-2.6.9.tgz. Extracting by manifest.
365 silly tarball no local data for cookie-signature@https://registry.npmjs.org/cookie-signature/-/cookie-signature-1.0.6.tgz. Extracting by manifest.
366 silly tarball no local data for cookie@https://registry.npmjs.org/cookie/-/cookie-0.6.0.tgz. Extracting by manifest.
367 silly tarball no local data for content-type@https://registry.npmjs.org/content-type/-/content-type-1.0.5.tgz. Extracting by manifest.
368 silly tarball no local data for content-disposition@https://registry.npmjs.org/content-disposition/-/content-disposition-0.5.4.tgz. Extracting by manifest.
369 silly tarball no local data for body-parser@https://registry.npmjs.org/body-parser/-/body-parser-1.20.2.tgz. Extracting by manifest.
370 silly tarball no local data for array-flatten@https://registry.npmjs.org/array-flatten/-/array-flatten-1.1.1.tgz. Extracting by manifest.
371 silly tarball no local data for accepts@https://registry.npmjs.org/accepts/-/accepts-1.3.8.tgz. Extracting by manifest.
372 silly tarball no local data for express@https://registry.npmjs.org/express/-/express-4.19.2.tgz. Extracting by manifest.
373 silly tarball no local data for ms@https://registry.npmjs.org/ms/-/ms-2.1.3.tgz. Extracting by manifest.
374 http fetch POST 200 https://registry.npmjs.org/-/npm/v1/security/advisories/bulk 352ms
375 timing auditReport:getReport Completed in 355ms
376 silly audit report {}
377 timing auditReport:init Completed in 0ms
378 timing reify:audit Completed in 356ms
379 http fetch GET 200 https://registry.npmjs.org/media-typer/-/media-typer-0.3.0.tgz 617ms (cache miss)
380 timing reifyNode:node_modules/media-typer Completed in 650ms
381 http fetch GET 200 https://registry.npmjs.org/safer-buffer/-/safer-buffer-2.1.2.tgz 594ms (cache miss)
382 timing reifyNode:node_modules/safer-buffer Completed in 650ms
383 http fetch GET 200 https://registry.npmjs.org/gopd/-/gopd-1.0.1.tgz 619ms (cache miss)
384 timing reifyNode:node_modules/gopd Completed in 655ms
385 http fetch GET 200 https://registry.npmjs.org/function-bind/-/function-bind-1.1.2.tgz 613ms (cache miss)
386 http fetch GET 200 https://registry.npmjs.org/hasown/-/hasown-2.0.2.tgz 624ms (cache miss)
387 timing reifyNode:node_modules/hasown Completed in 663ms
388 http fetch GET 200 https://registry.npmjs.org/has-proto/-/has-proto-1.0.3.tgz 623ms (cache miss)
389 timing reifyNode:node_modules/has-proto Completed in 663ms
390 http fetch GET 200 https://registry.npmjs.org/ee-first/-/ee-first-1.1.1.tgz 612ms (cache miss)
391 timing reifyNode:node_modules/ee-first Completed in 664ms
392 http fetch GET 200 https://registry.npmjs.org/negotiator/-/negotiator-0.6.3.tgz 600ms (cache miss)
393 timing reifyNode:node_modules/negotiator Completed in 664ms
394 http fetch GET 200 https://registry.npmjs.org/ms/-/ms-2.0.0.tgz 611ms (cache miss)
395 timing reifyNode:node_modules/ms Completed in 668ms
396 http fetch GET 200 https://registry.npmjs.org/raw-body/-/raw-body-2.5.2.tgz 610ms (cache miss)
397 timing reifyNode:node_modules/raw-body Completed in 669ms
398 http fetch GET 200 https://registry.npmjs.org/unpipe/-/unpipe-1.0.0.tgz 611ms (cache miss)
399 timing reifyNode:node_modules/unpipe Completed in 669ms
400 http fetch GET 200 https://registry.npmjs.org/utils-merge/-/utils-merge-1.0.1.tgz 604ms (cache miss)
401 timing reifyNode:node_modules/utils-merge Completed in 670ms
402 http fetch GET 200 https://registry.npmjs.org/setprototypeof/-/setprototypeof-1.2.0.tgz 601ms (cache miss)
403 timing reifyNode:node_modules/setprototypeof Completed in 670ms
404 http fetch GET 200 https://registry.npmjs.org/type-is/-/type-is-1.6.18.tgz 603ms (cache miss)
405 timing reifyNode:node_modules/type-is Completed in 670ms
406 http fetch GET 200 https://registry.npmjs.org/safe-buffer/-/safe-buffer-5.2.1.tgz 597ms (cache miss)
407 timing reifyNode:node_modules/safe-buffer Completed in 671ms
408 http fetch GET 200 https://registry.npmjs.org/range-parser/-/range-parser-1.2.1.tgz 597ms (cache miss)
409 timing reifyNode:node_modules/range-parser Completed in 671ms
410 http fetch GET 200 https://registry.npmjs.org/es-define-property/-/es-define-property-1.0.0.tgz 632ms (cache miss)
411 timing reifyNode:node_modules/function-bind Completed in 676ms
412 http fetch GET 200 https://registry.npmjs.org/has-property-descriptors/-/has-property-descriptors-1.0.2.tgz 643ms (cache miss)
413 timing reifyNode:node_modules/has-property-descriptors Completed in 677ms
414 http fetch GET 200 https://registry.npmjs.org/forwarded/-/forwarded-0.2.0.tgz 626ms (cache miss)
415 timing reifyNode:node_modules/forwarded Completed in 677ms
416 http fetch GET 200 https://registry.npmjs.org/toidentifier/-/toidentifier-1.0.1.tgz 621ms (cache miss)
417 timing reifyNode:node_modules/toidentifier Completed in 677ms
418 http fetch GET 200 https://registry.npmjs.org/inherits/-/inherits-2.0.4.tgz 621ms (cache miss)
419 timing reifyNode:node_modules/inherits Completed in 678ms
420 http fetch GET 200 https://registry.npmjs.org/destroy/-/destroy-1.2.0.tgz 617ms (cache miss)
421 timing reifyNode:node_modules/destroy Completed in 677ms
422 http fetch GET 200 https://registry.npmjs.org/statuses/-/statuses-2.0.1.tgz 610ms (cache miss)
423 timing reifyNode:node_modules/statuses Completed in 678ms
424 http fetch GET 200 https://registry.npmjs.org/finalhandler/-/finalhandler-1.2.0.tgz 594ms (cache miss)
425 timing reifyNode:node_modules/finalhandler Completed in 679ms
426 timing reifyNode:node_modules/es-define-property Completed in 681ms
427 http fetch GET 200 https://registry.npmjs.org/mime/-/mime-1.6.0.tgz 633ms (cache miss)
428 timing reifyNode:node_modules/mime Completed in 682ms
429 http fetch GET 200 https://registry.npmjs.org/bytes/-/bytes-3.1.2.tgz 621ms (cache miss)
430 timing reifyNode:node_modules/bytes Completed in 682ms
431 http fetch GET 200 https://registry.npmjs.org/etag/-/etag-1.8.1.tgz 598ms (cache miss)
432 timing reifyNode:node_modules/etag Completed in 683ms
433 http fetch GET 200 https://registry.npmjs.org/parseurl/-/parseurl-1.3.3.tgz 606ms (cache miss)
434 timing reifyNode:node_modules/parseurl Completed in 684ms
435 http fetch GET 200 https://registry.npmjs.org/cookie-signature/-/cookie-signature-1.0.6.tgz 588ms (cache miss)
436 timing reifyNode:node_modules/cookie-signature Completed in 683ms
437 http fetch GET 200 https://registry.npmjs.org/mime-types/-/mime-types-2.1.35.tgz 622ms (cache miss)
438 timing reifyNode:node_modules/mime-types Completed in 687ms
439 http fetch GET 200 https://registry.npmjs.org/path-to-regexp/-/path-to-regexp-0.1.7.tgz 611ms (cache miss)
440 timing reifyNode:node_modules/path-to-regexp Completed in 688ms
441 http fetch GET 200 https://registry.npmjs.org/on-finished/-/on-finished-2.4.1.tgz 610ms (cache miss)
442 timing reifyNode:node_modules/on-finished Completed in 693ms
443 http fetch GET 200 https://registry.npmjs.org/methods/-/methods-1.1.2.tgz 612ms (cache miss)
444 timing reifyNode:node_modules/methods Completed in 693ms
445 http fetch GET 200 https://registry.npmjs.org/vary/-/vary-1.1.2.tgz 631ms (cache miss)
446 timing reifyNode:node_modules/vary Completed in 698ms
447 http fetch GET 200 https://registry.npmjs.org/serve-static/-/serve-static-1.15.0.tgz 626ms (cache miss)
448 timing reifyNode:node_modules/serve-static Completed in 698ms
449 http fetch GET 200 https://registry.npmjs.org/proxy-addr/-/proxy-addr-2.0.7.tgz 623ms (cache miss)
450 timing reifyNode:node_modules/proxy-addr Completed in 700ms
451 http fetch GET 200 https://registry.npmjs.org/merge-descriptors/-/merge-descriptors-1.0.1.tgz 618ms (cache miss)
452 timing reifyNode:node_modules/merge-descriptors Completed in 700ms
453 http fetch GET 200 https://registry.npmjs.org/fresh/-/fresh-0.5.2.tgz 617ms (cache miss)
454 timing reifyNode:node_modules/fresh Completed in 701ms
455 http fetch GET 200 https://registry.npmjs.org/cookie/-/cookie-0.6.0.tgz 604ms (cache miss)
456 timing reifyNode:node_modules/cookie Completed in 700ms
457 http fetch GET 200 https://registry.npmjs.org/escape-html/-/escape-html-1.0.3.tgz 612ms (cache miss)
458 timing reifyNode:node_modules/escape-html Completed in 701ms
459 http fetch GET 200 https://registry.npmjs.org/encodeurl/-/encodeurl-1.0.2.tgz 610ms (cache miss)
460 timing reifyNode:node_modules/encodeurl Completed in 702ms
461 http fetch GET 200 https://registry.npmjs.org/send/-/send-0.18.0.tgz 632ms (cache miss)
462 timing reifyNode:node_modules/send Completed in 705ms
463 http fetch GET 200 https://registry.npmjs.org/array-flatten/-/array-flatten-1.1.1.tgz 606ms (cache miss)
464 timing reifyNode:node_modules/array-flatten Completed in 705ms
465 http fetch GET 200 https://registry.npmjs.org/set-function-length/-/set-function-length-1.2.2.tgz 670ms (cache miss)
466 timing reifyNode:node_modules/set-function-length Completed in 711ms
467 http fetch GET 200 https://registry.npmjs.org/http-errors/-/http-errors-2.0.0.tgz 629ms (cache miss)
468 timing reifyNode:node_modules/http-errors Completed in 712ms
469 http fetch GET 200 https://registry.npmjs.org/depd/-/depd-2.0.0.tgz 617ms (cache miss)
470 timing reifyNode:node_modules/depd Completed in 712ms
471 http fetch GET 200 https://registry.npmjs.org/content-disposition/-/content-disposition-0.5.4.tgz 613ms (cache miss)
472 timing reifyNode:node_modules/content-disposition Completed in 711ms
473 http fetch GET 200 https://registry.npmjs.org/content-type/-/content-type-1.0.5.tgz 615ms (cache miss)
474 timing reifyNode:node_modules/content-type Completed in 712ms
475 http fetch GET 200 https://registry.npmjs.org/accepts/-/accepts-1.3.8.tgz 611ms (cache miss)
476 timing reifyNode:node_modules/accepts Completed in 712ms
477 http fetch GET 200 https://registry.npmjs.org/call-bind/-/call-bind-1.0.7.tgz 667ms (cache miss)
478 timing reifyNode:node_modules/call-bind Completed in 715ms
479 http fetch GET 200 https://registry.npmjs.org/ms/-/ms-2.1.3.tgz 581ms (cache miss)
480 timing reifyNode:node_modules/send/node_modules/ms Completed in 715ms
481 http fetch GET 200 https://registry.npmjs.org/es-errors/-/es-errors-1.3.0.tgz 670ms (cache miss)
482 http fetch GET 200 https://registry.npmjs.org/body-parser/-/body-parser-1.20.2.tgz 618ms (cache miss)
483 http fetch GET 200 https://registry.npmjs.org/define-data-property/-/define-data-property-1.1.4.tgz 681ms (cache miss)
484 timing reifyNode:node_modules/define-data-property Completed in 719ms
485 http fetch GET 200 https://registry.npmjs.org/get-intrinsic/-/get-intrinsic-1.2.4.tgz 675ms (cache miss)
486 timing reifyNode:node_modules/get-intrinsic Completed in 719ms
487 http fetch GET 200 https://registry.npmjs.org/ipaddr.js/-/ipaddr.js-1.9.1.tgz 670ms (cache miss)
488 timing reifyNode:node_modules/ipaddr.js Completed in 720ms
489 timing reifyNode:node_modules/es-errors Completed in 722ms
490 timing reifyNode:node_modules/body-parser Completed in 721ms
491 http fetch GET 200 https://registry.npmjs.org/has-symbols/-/has-symbols-1.0.3.tgz 686ms (cache miss)
492 timing reifyNode:node_modules/has-symbols Completed in 725ms
493 http fetch GET 200 https://registry.npmjs.org/side-channel/-/side-channel-1.0.6.tgz 676ms (cache miss)
494 timing reifyNode:node_modules/side-channel Completed in 725ms
495 http fetch GET 200 https://registry.npmjs.org/debug/-/debug-2.6.9.tgz 633ms (cache miss)
496 timing reifyNode:node_modules/debug Completed in 729ms
497 http fetch GET 200 https://registry.npmjs.org/mime-db/-/mime-db-1.52.0.tgz 684ms (cache miss)
498 timing reifyNode:node_modules/mime-db Completed in 737ms
499 http fetch GET 200 https://registry.npmjs.org/express/-/express-4.19.2.tgz 626ms (cache miss)
500 timing reifyNode:node_modules/express Completed in 747ms
501 http fetch GET 200 https://registry.npmjs.org/qs/-/qs-6.11.0.tgz 674ms (cache miss)
502 timing reifyNode:node_modules/qs Completed in 749ms
503 http fetch GET 200 https://registry.npmjs.org/object-inspect/-/object-inspect-1.13.2.tgz 716ms (cache miss)
504 timing reifyNode:node_modules/object-inspect Completed in 759ms
505 http fetch GET 200 https://registry.npmjs.org/iconv-lite/-/iconv-lite-0.4.24.tgz 748ms (cache miss)
506 timing reifyNode:node_modules/iconv-lite Completed in 808ms
507 timing reify:unpack Completed in 810ms
508 timing reify:unretire Completed in 0ms
509 timing build:queue Completed in 2ms
510 timing build:link:node_modules/mime Completed in 2ms
511 timing build:link Completed in 2ms
512 timing build:deps Completed in 5ms
513 timing build Completed in 5ms
514 timing reify:build Completed in 5ms
515 timing reify:trash Completed in 0ms
516 timing reify:save Completed in 23ms
517 timing reify Completed in 2755ms
518 silly ADD node_modules/media-typer
519 silly ADD node_modules/has-property-descriptors
520 silly ADD node_modules/gopd
521 silly ADD node_modules/define-data-property
522 silly ADD node_modules/hasown
523 silly ADD node_modules/has-symbols
524 silly ADD node_modules/has-proto
525 silly ADD node_modules/set-function-length
526 silly ADD node_modules/function-bind
527 silly ADD node_modules/es-define-property
528 silly ADD node_modules/object-inspect
529 silly ADD node_modules/get-intrinsic
530 silly ADD node_modules/es-errors
531 silly ADD node_modules/call-bind
532 silly ADD node_modules/mime
533 silly ADD node_modules/side-channel
534 silly ADD node_modules/ipaddr.js
535 silly ADD node_modules/forwarded
536 silly ADD node_modules/ee-first
537 silly ADD node_modules/mime-db
538 silly ADD node_modules/safer-buffer
539 silly ADD node_modules/toidentifier
540 silly ADD node_modules/inherits
541 silly ADD node_modules/ms
542 silly ADD node_modules/unpipe
543 silly ADD node_modules/raw-body
544 silly ADD node_modules/iconv-lite
545 silly ADD node_modules/destroy
546 silly ADD node_modules/bytes
547 silly ADD node_modules/negotiator
548 silly ADD node_modules/mime-types
549 silly ADD node_modules/vary
550 silly ADD node_modules/utils-merge
551 silly ADD node_modules/type-is
552 silly ADD node_modules/statuses
553 silly ADD node_modules/setprototypeof
554 silly ADD node_modules/serve-static
555 silly ADD node_modules/send
556 silly ADD node_modules/send/node_modules/ms
557 silly ADD node_modules/safe-buffer
558 silly ADD node_modules/range-parser
559 silly ADD node_modules/qs
560 silly ADD node_modules/proxy-addr
561 silly ADD node_modules/path-to-regexp
562 silly ADD node_modules/parseurl
563 silly ADD node_modules/on-finished
564 silly ADD node_modules/methods
565 silly ADD node_modules/merge-descriptors
566 silly ADD node_modules/http-errors
567 silly ADD node_modules/fresh
568 silly ADD node_modules/finalhandler
569 silly ADD node_modules/etag
570 silly ADD node_modules/escape-html
571 silly ADD node_modules/encodeurl
572 silly ADD node_modules/depd
573 silly ADD node_modules/debug
574 silly ADD node_modules/cookie-signature
575 silly ADD node_modules/cookie
576 silly ADD node_modules/content-type
577 silly ADD node_modules/content-disposition
578 silly ADD node_modules/body-parser
579 silly ADD node_modules/array-flatten
580 silly ADD node_modules/accepts
581 silly ADD node_modules/express
582 timing command:install Completed in 2761ms
583 notice
583 notice New major version of npm available! 9.6.7 -> 10.8.2
583 notice Changelog: <https://github.com/npm/cli/releases/tag/v10.8.2>
583 notice Run `npm install -g npm@10.8.2` to update!
583 notice
584 verbose exit 0
585 timing npm Completed in 2981ms
586 info ok
