0 verbose cli /usr/bin/node /usr/bin/npm
1 info using npm@9.6.7
2 info using node@v18.17.1
3 timing npm:load:whichnode Completed in 16ms
4 timing config:load:defaults Completed in 4ms
5 timing config:load:file:/usr/lib/node_modules/npm/npmrc Completed in 0ms
6 timing config:load:builtin Completed in 0ms
7 timing config:load:cli Completed in 2ms
8 timing config:load:env Completed in 0ms
9 timing config:load:file:/root/myapp/.npmrc Completed in 0ms
10 timing config:load:project Completed in 3ms
11 timing config:load:file:/root/.npmrc Completed in 0ms
12 timing config:load:user Completed in 0ms
13 timing config:load:file:/usr/etc/npmrc Completed in 0ms
14 timing config:load:global Completed in 0ms
15 timing config:load:setEnvs Completed in 1ms
16 timing config:load Completed in 11ms
17 timing npm:load:configload Completed in 11ms
18 timing npm:load:mkdirpcache Completed in 0ms
19 timing npm:load:mkdirplogs Completed in 1ms
20 verbose title npm install express
21 verbose argv "install" "express"
22 timing npm:load:setTitle Completed in 1ms
23 timing config:load:flatten Completed in 2ms
24 timing npm:load:display Completed in 3ms
25 verbose logfile logs-max:10 dir:/root/.npm/_logs/2024-07-22T08_08_54_676Z-
26 verbose logfile /root/.npm/_logs/2024-07-22T08_08_54_676Z-debug-0.log
27 timing npm:load:logFile Completed in 8ms
28 timing npm:load:timers Completed in 0ms
29 timing npm:load:configScope Completed in 0ms
30 timing npm:load Completed in 40ms
31 timing arborist:ctor Completed in 1ms
32 silly logfile done cleaning log files
33 timing idealTree:init Completed in 119ms
34 timing idealTree:userRequests Completed in 1ms
35 silly idealTree buildDeps
36 silly fetch manifest express@^4.18.2
37 timing arborist:ctor Completed in 0ms
38 http fetch GET 200 https://registry.npmjs.org/express 153ms (cache revalidated)
39 silly placeDep ROOT express@4.19.2 REPLACE for: apps@1.0.0 want: ^4.18.2
40 timing idealTree:#root Completed in 167ms
41 timing idealTree:node_modules/express Completed in 0ms
42 timing idealTree:buildDeps Completed in 167ms
43 timing idealTree:fixDepFlags Completed in 1ms
44 timing idealTree Completed in 293ms
45 timing reify:loadTrees Completed in 294ms
46 timing reify:diffTrees Completed in 3ms
47 silly reify moves {}
48 timing reify:retireShallow Completed in 1ms
49 timing reify:createSparse Completed in 1ms
50 timing reify:loadBundles Completed in 0ms
51 silly audit bulk request {
51 silly audit   accepts: [ '1.3.8' ],
51 silly audit   'ansi-colors': [ '4.1.3' ],
51 silly audit   'ansi-regex': [ '5.0.1' ],
51 silly audit   'ansi-styles': [ '4.3.0' ],
51 silly audit   anymatch: [ '3.1.3' ],
51 silly audit   argparse: [ '2.0.1' ],
51 silly audit   'array-flatten': [ '1.1.1' ],
51 silly audit   'balanced-match': [ '1.0.2' ],
51 silly audit   'binary-extensions': [ '2.3.0' ],
51 silly audit   'body-parser': [ '1.20.2' ],
51 silly audit   'brace-expansion': [ '2.0.1' ],
51 silly audit   braces: [ '3.0.3' ],
51 silly audit   'browser-stdout': [ '1.3.1' ],
51 silly audit   bytes: [ '3.1.2' ],
51 silly audit   'call-bind': [ '1.0.7' ],
51 silly audit   camelcase: [ '6.3.0' ],
51 silly audit   chalk: [ '4.1.2' ],
51 silly audit   'supports-color': [ '7.2.0', '8.1.1' ],
51 silly audit   chokidar: [ '3.6.0' ],
51 silly audit   cliui: [ '7.0.4' ],
51 silly audit   'color-convert': [ '2.0.1' ],
51 silly audit   'color-name': [ '1.1.4' ],
51 silly audit   'content-disposition': [ '0.5.4' ],
51 silly audit   'content-type': [ '1.0.5' ],
51 silly audit   cookie: [ '0.6.0' ],
51 silly audit   'cookie-signature': [ '1.0.6' ],
51 silly audit   debug: [ '2.6.9', '4.3.5' ],
51 silly audit   decamelize: [ '4.0.0' ],
51 silly audit   'define-data-property': [ '1.1.4' ],
51 silly audit   depd: [ '2.0.0' ],
51 silly audit   destroy: [ '1.2.0' ],
51 silly audit   diff: [ '5.2.0' ],
51 silly audit   'ee-first': [ '1.1.1' ],
51 silly audit   'emoji-regex': [ '8.0.0' ],
51 silly audit   encodeurl: [ '1.0.2' ],
51 silly audit   'es-define-property': [ '1.0.0' ],
51 silly audit   'es-errors': [ '1.3.0' ],
51 silly audit   escalade: [ '3.1.2' ],
51 silly audit   'escape-html': [ '1.0.3' ],
51 silly audit   'escape-string-regexp': [ '4.0.0' ],
51 silly audit   etag: [ '1.8.1' ],
51 silly audit   'fill-range': [ '7.1.1' ],
51 silly audit   finalhandler: [ '1.2.0' ],
51 silly audit   'find-up': [ '5.0.0' ],
51 silly audit   flat: [ '5.0.2' ],
51 silly audit   forwarded: [ '0.2.0' ],
51 silly audit   fresh: [ '0.5.2' ],
51 silly audit   'fs.realpath': [ '1.0.0' ],
51 silly audit   fsevents: [ '2.3.3' ],
51 silly audit   'function-bind': [ '1.1.2' ],
51 silly audit   'get-caller-file': [ '2.0.5' ],
51 silly audit   'get-intrinsic': [ '1.2.4' ],
51 silly audit   glob: [ '8.1.0' ],
51 silly audit   'glob-parent': [ '5.1.2' ],
51 silly audit   gopd: [ '1.0.1' ],
51 silly audit   'has-flag': [ '4.0.0' ],
51 silly audit   'has-property-descriptors': [ '1.0.2' ],
51 silly audit   'has-proto': [ '1.0.3' ],
51 silly audit   'has-symbols': [ '1.0.3' ],
51 silly audit   hasown: [ '2.0.2' ],
51 silly audit   he: [ '1.2.0' ],
51 silly audit   'http-errors': [ '2.0.0' ],
51 silly audit   'iconv-lite': [ '0.4.24' ],
51 silly audit   inflight: [ '1.0.6' ],
51 silly audit   inherits: [ '2.0.4' ],
51 silly audit   'ipaddr.js': [ '1.9.1' ],
51 silly audit   'is-binary-path': [ '2.1.0' ],
51 silly audit   'is-extglob': [ '2.1.1' ],
51 silly audit   'is-fullwidth-code-point': [ '3.0.0' ],
51 silly audit   'is-glob': [ '4.0.3' ],
51 silly audit   'is-number': [ '7.0.0' ],
51 silly audit   'is-plain-obj': [ '2.1.0' ],
51 silly audit   'is-unicode-supported': [ '0.1.0' ],
51 silly audit   'js-yaml': [ '4.1.0' ],
51 silly audit   'locate-path': [ '6.0.0' ],
51 silly audit   'log-symbols': [ '4.1.0' ],
51 silly audit   'media-typer': [ '0.3.0' ],
51 silly audit   'merge-descriptors': [ '1.0.1' ],
51 silly audit   methods: [ '1.1.2' ],
51 silly audit   mime: [ '1.6.0' ],
51 silly audit   'mime-db': [ '1.52.0' ],
51 silly audit   'mime-types': [ '2.1.35' ],
51 silly audit   minimatch: [ '5.1.6' ],
51 silly audit   mocha: [ '10.7.0' ],
51 silly audit   ms: [ '2.1.2', '2.1.3', '2.0.0' ],
51 silly audit   negotiator: [ '0.6.3' ],
51 silly audit   'normalize-path': [ '3.0.0' ],
51 silly audit   'object-inspect': [ '1.13.2' ],
51 silly audit   'on-finished': [ '2.4.1' ],
51 silly audit   once: [ '1.4.0' ],
51 silly audit   'p-limit': [ '3.1.0' ],
51 silly audit   'p-locate': [ '5.0.0' ],
51 silly audit   parseurl: [ '1.3.3' ],
51 silly audit   'path-exists': [ '4.0.0' ],
51 silly audit   'path-to-regexp': [ '0.1.7' ],
51 silly audit   picomatch: [ '2.3.1' ],
51 silly audit   'proxy-addr': [ '2.0.7' ],
51 silly audit   qs: [ '6.11.0' ],
51 silly audit   randombytes: [ '2.1.0' ],
51 silly audit   'range-parser': [ '1.2.1' ],
51 silly audit   'raw-body': [ '2.5.2' ],
51 silly audit   readdirp: [ '3.6.0' ],
51 silly audit   'require-directory': [ '2.1.1' ],
51 silly audit   'safe-buffer': [ '5.2.1' ],
51 silly audit   'safer-buffer': [ '2.1.2' ],
51 silly audit   send: [ '0.18.0' ],
51 silly audit   'serialize-javascript': [ '6.0.2' ],
51 silly audit   'serve-static': [ '1.15.0' ],
51 silly audit   'set-function-length': [ '1.2.2' ],
51 silly audit   setprototypeof: [ '1.2.0' ],
51 silly audit   'side-channel': [ '1.0.6' ],
51 silly audit   statuses: [ '2.0.1' ],
51 silly audit   'string-width': [ '4.2.3' ],
51 silly audit   'strip-ansi': [ '6.0.1' ],
51 silly audit   'strip-json-comments': [ '3.1.1' ],
51 silly audit   'to-regex-range': [ '5.0.1' ],
51 silly audit   toidentifier: [ '1.0.1' ],
51 silly audit   'type-is': [ '1.6.18' ],
51 silly audit   unpipe: [ '1.0.0' ],
51 silly audit   'utils-merge': [ '1.0.1' ],
51 silly audit   vary: [ '1.1.2' ],
51 silly audit   workerpool: [ '6.5.1' ],
51 silly audit   'wrap-ansi': [ '7.0.0' ],
51 silly audit   wrappy: [ '1.0.2' ],
51 silly audit   y18n: [ '5.0.8' ],
51 silly audit   yargs: [ '16.2.0' ],
51 silly audit   'yargs-parser': [ '20.2.9' ],
51 silly audit   'yargs-unparser': [ '2.0.0' ],
51 silly audit   'yocto-queue': [ '0.1.0' ],
51 silly audit   express: [ '4.19.2' ]
51 silly audit }
52 verbose reify failed optional dependency /root/myapp/node_modules/fsevents
53 silly reify mark deleted [ '/root/myapp/node_modules/fsevents' ]
54 timing reifyNode:node_modules/fsevents Completed in 2ms
55 timing reify:unpack Completed in 2ms
56 timing reify:unretire Completed in 0ms
57 timing build:queue Completed in 1ms
58 timing build:deps Completed in 1ms
59 timing build Completed in 1ms
60 timing reify:build Completed in 1ms
61 timing reify:trash Completed in 0ms
62 timing reify:save Completed in 45ms
63 http fetch POST 200 https://registry.npmjs.org/-/npm/v1/security/advisories/bulk 260ms
64 timing auditReport:getReport Completed in 265ms
65 silly audit report {}
66 timing auditReport:init Completed in 0ms
67 timing reify:audit Completed in 265ms
68 timing reify Completed in 569ms
69 silly ADD
70 timing command:install Completed in 576ms
71 verbose exit 0
72 timing npm Completed in 805ms
73 info ok
