0 verbose cli /usr/bin/node /usr/bin/npm
1 info using npm@9.6.7
2 info using node@v18.17.1
3 timing npm:load:whichnode Completed in 12ms
4 timing config:load:defaults Completed in 2ms
5 timing config:load:file:/usr/lib/node_modules/npm/npmrc Completed in 6ms
6 timing config:load:builtin Completed in 6ms
7 timing config:load:cli Completed in 2ms
8 timing config:load:env Completed in 1ms
9 timing config:load:file:/root/myapp/.npmrc Completed in 0ms
10 timing config:load:project Completed in 2ms
11 timing config:load:file:/root/.npmrc Completed in 0ms
12 timing config:load:user Completed in 0ms
13 timing config:load:file:/usr/etc/npmrc Completed in 0ms
14 timing config:load:global Completed in 0ms
15 timing config:load:setEnvs Completed in 1ms
16 timing config:load Completed in 15ms
17 timing npm:load:configload Completed in 15ms
18 timing npm:load:mkdirpcache Completed in 0ms
19 timing npm:load:mkdirplogs Completed in 0ms
20 verbose title npm init
21 verbose argv "init" "--yes"
22 timing npm:load:setTitle Completed in 1ms
23 timing config:load:flatten Completed in 3ms
24 timing npm:load:display Completed in 4ms
25 verbose logfile logs-max:10 dir:/root/.npm/_logs/2024-07-22T08_08_53_754Z-
26 verbose logfile /root/.npm/_logs/2024-07-22T08_08_53_754Z-debug-0.log
27 timing npm:load:logFile Completed in 8ms
28 timing npm:load:timers Completed in 0ms
29 timing npm:load:configScope Completed in 0ms
30 timing npm:load Completed in 40ms
31 silly logfile done cleaning log files
32 silly package data {
32 silly package data   name: 'apps',
32 silly package data   version: '1.0.0',
32 silly package data   main: 'index.js',
32 silly package data   scripts: { test: 'mocha', build: "echo 'Running Build script'" },
32 silly package data   author: '',
32 silly package data   license: 'ISC',
32 silly package data   dependencies: { express: '^4.18.2' },
32 silly package data   devDependencies: { mocha: '^10.2.0' },
32 silly package data   directories: { test: 'test' },
32 silly package data   keywords: [],
32 silly package data   description: '',
32 silly package data   [Symbol(newline)]: '\n',
32 silly package data   [Symbol(indent)]: '  '
32 silly package data }
33 timing command:init Completed in 25ms
34 verbose exit 0
35 timing npm Completed in 260ms
36 info ok
