0 verbose cli /usr/bin/node /usr/bin/npm
1 info using npm@9.6.7
2 info using node@v18.17.1
3 timing npm:load:whichnode Completed in 12ms
4 timing config:load:defaults Completed in 1ms
5 timing config:load:file:/usr/lib/node_modules/npm/npmrc Completed in 6ms
6 timing config:load:builtin Completed in 6ms
7 timing config:load:cli Completed in 3ms
8 timing config:load:env Completed in 0ms
9 timing config:load:file:/root/myapp/.npmrc Completed in 0ms
10 timing config:load:project Completed in 3ms
11 timing config:load:file:/root/.npmrc Completed in 0ms
12 timing config:load:user Completed in 0ms
13 timing config:load:file:/usr/etc/npmrc Completed in 0ms
14 timing config:load:global Completed in 0ms
15 timing config:load:setEnvs Completed in 1ms
16 timing config:load Completed in 14ms
17 timing npm:load:configload Completed in 15ms
18 timing npm:load:mkdirpcache Completed in 0ms
19 timing npm:load:mkdirplogs Completed in 0ms
20 verbose title npm install mocha
21 verbose argv "install" "--save-dev" "mocha"
22 timing npm:load:setTitle Completed in 1ms
23 timing config:load:flatten Completed in 2ms
24 timing npm:load:display Completed in 3ms
25 verbose logfile logs-max:10 dir:/root/.npm/_logs/2024-07-22T07_50_51_737Z-
26 verbose logfile /root/.npm/_logs/2024-07-22T07_50_51_737Z-debug-0.log
27 timing npm:load:logFile Completed in 8ms
28 timing npm:load:timers Completed in 0ms
29 timing npm:load:configScope Completed in 0ms
30 timing npm:load Completed in 41ms
31 timing arborist:ctor Completed in 0ms
32 silly logfile done cleaning log files
33 timing idealTree:init Completed in 68ms
34 timing idealTree:userRequests Completed in 1ms
35 silly idealTree buildDeps
36 silly fetch manifest mocha@*
37 timing arborist:ctor Completed in 0ms
38 http fetch GET 200 https://registry.npmjs.org/mocha 171ms (cache miss)
39 silly placeDep ROOT mocha@10.7.0 OK for: myapp@1.0.0 want: *
40 silly fetch manifest ansi-colors@^4.1.3
41 silly fetch manifest browser-stdout@^1.3.1
42 silly fetch manifest chokidar@^3.5.3
43 silly fetch manifest debug@^4.3.5
44 silly fetch manifest diff@^5.2.0
45 silly fetch manifest escape-string-regexp@^4.0.0
46 silly fetch manifest find-up@^5.0.0
47 silly fetch manifest glob@^8.1.0
48 silly fetch manifest he@^1.2.0
49 silly fetch manifest js-yaml@^4.1.0
50 silly fetch manifest log-symbols@^4.1.0
51 silly fetch manifest minimatch@^5.1.6
52 silly fetch manifest ms@^2.1.3
53 silly fetch manifest serialize-javascript@^6.0.2
54 silly fetch manifest strip-json-comments@^3.1.1
55 silly fetch manifest supports-color@^8.1.1
56 silly fetch manifest workerpool@^6.5.1
57 silly fetch manifest yargs@^16.2.0
58 silly fetch manifest yargs-parser@^20.2.9
59 silly fetch manifest yargs-unparser@^2.0.0
60 http fetch GET 200 https://registry.npmjs.org/debug 64ms (cache hit)
61 http fetch GET 200 https://registry.npmjs.org/ms 61ms (cache hit)
62 http fetch GET 200 https://registry.npmjs.org/ansi-colors 74ms (cache miss)
63 http fetch GET 200 https://registry.npmjs.org/yargs 122ms (cache miss)
64 http fetch GET 200 https://registry.npmjs.org/escape-string-regexp 150ms (cache miss)
65 http fetch GET 200 https://registry.npmjs.org/browser-stdout 155ms (cache miss)
66 http fetch GET 200 https://registry.npmjs.org/strip-json-comments 180ms (cache miss)
67 http fetch GET 200 https://registry.npmjs.org/he 194ms (cache miss)
68 http fetch GET 200 https://registry.npmjs.org/find-up 198ms (cache miss)
69 http fetch GET 200 https://registry.npmjs.org/diff 199ms (cache miss)
70 http fetch GET 200 https://registry.npmjs.org/yargs-unparser 195ms (cache miss)
71 http fetch GET 200 https://registry.npmjs.org/yargs-parser 196ms (cache miss)
72 http fetch GET 200 https://registry.npmjs.org/serialize-javascript 200ms (cache miss)
73 http fetch GET 200 https://registry.npmjs.org/log-symbols 203ms (cache miss)
74 http fetch GET 200 https://registry.npmjs.org/js-yaml 205ms (cache miss)
75 http fetch GET 200 https://registry.npmjs.org/supports-color 204ms (cache miss)
76 http fetch GET 200 https://registry.npmjs.org/workerpool 208ms (cache miss)
77 http fetch GET 200 https://registry.npmjs.org/chokidar 215ms (cache miss)
78 http fetch GET 200 https://registry.npmjs.org/glob 216ms (cache miss)
79 http fetch GET 200 https://registry.npmjs.org/minimatch 217ms (cache miss)
80 timing idealTree:#root Completed in 409ms
81 silly placeDep ROOT ansi-colors@4.1.3 OK for: mocha@10.7.0 want: ^4.1.3
82 silly placeDep ROOT browser-stdout@1.3.1 OK for: mocha@10.7.0 want: ^1.3.1
83 silly placeDep ROOT chokidar@3.6.0 OK for: mocha@10.7.0 want: ^3.5.3
84 silly fetch manifest anymatch@~3.1.2
85 silly fetch manifest braces@~3.0.2
86 silly fetch manifest glob-parent@~5.1.2
87 silly fetch manifest is-binary-path@~2.1.0
88 silly fetch manifest is-glob@~4.0.1
89 silly fetch manifest normalize-path@~3.0.0
90 silly fetch manifest readdirp@~3.6.0
91 silly fetch manifest fsevents@~2.3.2
92 silly placeDep node_modules/mocha debug@4.3.5 OK for: mocha@10.7.0 want: ^4.3.5
93 silly fetch manifest ms@2.1.2
94 silly placeDep ROOT diff@5.2.0 OK for: mocha@10.7.0 want: ^5.2.0
95 silly placeDep ROOT escape-string-regexp@4.0.0 OK for: mocha@10.7.0 want: ^4.0.0
96 silly placeDep ROOT find-up@5.0.0 OK for: mocha@10.7.0 want: ^5.0.0
97 silly fetch manifest locate-path@^6.0.0
98 silly fetch manifest path-exists@^4.0.0
99 silly placeDep ROOT glob@8.1.0 OK for: mocha@10.7.0 want: ^8.1.0
100 silly fetch manifest once@^1.3.0
101 silly fetch manifest inflight@^1.0.4
102 silly fetch manifest minimatch@^5.0.1
103 silly fetch manifest fs.realpath@^1.0.0
104 silly placeDep ROOT he@1.2.0 OK for: mocha@10.7.0 want: ^1.2.0
105 silly placeDep ROOT js-yaml@4.1.0 OK for: mocha@10.7.0 want: ^4.1.0
106 silly fetch manifest argparse@^2.0.1
107 silly placeDep ROOT log-symbols@4.1.0 OK for: mocha@10.7.0 want: ^4.1.0
108 silly fetch manifest chalk@^4.1.0
109 silly fetch manifest is-unicode-supported@^0.1.0
110 silly placeDep ROOT minimatch@5.1.6 OK for: mocha@10.7.0 want: ^5.1.6
111 silly fetch manifest brace-expansion@^2.0.1
112 silly placeDep node_modules/mocha ms@2.1.3 OK for: mocha@10.7.0 want: ^2.1.3
113 silly placeDep ROOT serialize-javascript@6.0.2 OK for: mocha@10.7.0 want: ^6.0.2
114 silly fetch manifest randombytes@^2.1.0
115 silly placeDep ROOT strip-json-comments@3.1.1 OK for: mocha@10.7.0 want: ^3.1.1
116 silly placeDep ROOT supports-color@8.1.1 OK for: mocha@10.7.0 want: ^8.1.1
117 silly fetch manifest has-flag@^4.0.0
118 silly placeDep ROOT workerpool@6.5.1 OK for: mocha@10.7.0 want: ^6.5.1
119 silly placeDep ROOT yargs@16.2.0 OK for: mocha@10.7.0 want: ^16.2.0
120 silly fetch manifest y18n@^5.0.5
121 silly fetch manifest cliui@^7.0.2
122 silly fetch manifest escalade@^3.1.1
123 silly fetch manifest string-width@^4.2.0
124 silly fetch manifest yargs-parser@^20.2.2
125 silly fetch manifest get-caller-file@^2.0.5
126 silly fetch manifest require-directory@^2.1.1
127 silly placeDep ROOT yargs-parser@20.2.9 OK for: mocha@10.7.0 want: ^20.2.9
128 silly placeDep ROOT yargs-unparser@2.0.0 OK for: mocha@10.7.0 want: ^2.0.0
129 silly fetch manifest camelcase@^6.0.0
130 silly fetch manifest decamelize@^4.0.0
131 silly fetch manifest flat@^5.0.2
132 silly fetch manifest is-plain-obj@^2.1.0
133 http fetch GET 200 https://registry.npmjs.org/normalize-path 218ms (cache miss)
134 http fetch GET 200 https://registry.npmjs.org/fs.realpath 208ms (cache miss)
135 http fetch GET 200 https://registry.npmjs.org/braces 230ms (cache miss)
136 http fetch GET 200 https://registry.npmjs.org/path-exists 217ms (cache miss)
137 http fetch GET 200 https://registry.npmjs.org/randombytes 203ms (cache miss)
138 http fetch GET 200 https://registry.npmjs.org/brace-expansion 206ms (cache miss)
139 http fetch GET 200 https://registry.npmjs.org/require-directory 193ms (cache miss)
140 http fetch GET 200 https://registry.npmjs.org/readdirp 230ms (cache miss)
141 http fetch GET 200 https://registry.npmjs.org/once 223ms (cache miss)
142 http fetch GET 200 https://registry.npmjs.org/inflight 223ms (cache miss)
143 http fetch GET 200 https://registry.npmjs.org/has-flag 206ms (cache miss)
144 http fetch GET 200 https://registry.npmjs.org/is-glob 238ms (cache miss)
145 http fetch GET 200 https://registry.npmjs.org/is-binary-path 240ms (cache miss)
146 http fetch GET 200 https://registry.npmjs.org/is-unicode-supported 216ms (cache miss)
147 http fetch GET 200 https://registry.npmjs.org/string-width 205ms (cache miss)
148 http fetch GET 200 https://registry.npmjs.org/locate-path 230ms (cache miss)
149 http fetch GET 200 https://registry.npmjs.org/escalade 206ms (cache miss)
150 http fetch GET 200 https://registry.npmjs.org/glob-parent 243ms (cache miss)
151 http fetch GET 200 https://registry.npmjs.org/argparse 223ms (cache miss)
152 http fetch GET 200 https://registry.npmjs.org/anymatch 247ms (cache miss)
153 http fetch GET 200 https://registry.npmjs.org/decamelize 201ms (cache miss)
154 http fetch GET 200 https://registry.npmjs.org/get-caller-file 209ms (cache miss)
155 http fetch GET 200 https://registry.npmjs.org/is-plain-obj 202ms (cache miss)
156 http fetch GET 200 https://registry.npmjs.org/y18n 214ms (cache miss)
157 http fetch GET 200 https://registry.npmjs.org/cliui 214ms (cache miss)
158 http fetch GET 200 https://registry.npmjs.org/camelcase 209ms (cache miss)
159 http fetch GET 200 https://registry.npmjs.org/chalk 228ms (cache miss)
160 http fetch GET 200 https://registry.npmjs.org/flat 207ms (cache miss)
161 http fetch GET 200 https://registry.npmjs.org/fsevents 245ms (cache miss)
162 timing idealTree:node_modules/mocha Completed in 270ms
163 timing idealTree:node_modules/ansi-colors Completed in 1ms
164 timing idealTree:node_modules/browser-stdout Completed in 0ms
165 silly placeDep ROOT anymatch@3.1.3 OK for: chokidar@3.6.0 want: ~3.1.2
166 silly fetch manifest normalize-path@^3.0.0
167 silly fetch manifest picomatch@^2.0.4
168 silly placeDep ROOT braces@3.0.3 OK for: chokidar@3.6.0 want: ~3.0.2
169 silly fetch manifest fill-range@^7.1.1
170 silly placeDep ROOT fsevents@2.3.3 OK for: chokidar@3.6.0 want: ~2.3.2
171 silly placeDep ROOT glob-parent@5.1.2 OK for: chokidar@3.6.0 want: ~5.1.2
172 silly fetch manifest is-glob@^4.0.1
173 silly placeDep ROOT is-binary-path@2.1.0 OK for: chokidar@3.6.0 want: ~2.1.0
174 silly fetch manifest binary-extensions@^2.0.0
175 silly placeDep ROOT is-glob@4.0.3 OK for: chokidar@3.6.0 want: ~4.0.1
176 silly fetch manifest is-extglob@^2.1.1
177 silly placeDep ROOT normalize-path@3.0.0 OK for: chokidar@3.6.0 want: ~3.0.0
178 silly placeDep ROOT readdirp@3.6.0 OK for: chokidar@3.6.0 want: ~3.6.0
179 silly fetch manifest picomatch@^2.2.1
180 http fetch GET 200 https://registry.npmjs.org/is-extglob 54ms (cache miss)
181 http fetch GET 200 https://registry.npmjs.org/binary-extensions 58ms (cache miss)
182 http fetch GET 200 https://registry.npmjs.org/fill-range 62ms (cache miss)
183 http fetch GET 200 https://registry.npmjs.org/picomatch 84ms (cache miss)
184 http fetch GET 200 https://registry.npmjs.org/picomatch 101ms (cache miss)
185 timing idealTree:node_modules/chokidar Completed in 108ms
186 silly placeDep ROOT picomatch@2.3.1 OK for: anymatch@3.1.3 want: ^2.0.4
187 timing idealTree:node_modules/anymatch Completed in 1ms
188 silly placeDep ROOT fill-range@7.1.1 OK for: braces@3.0.3 want: ^7.1.1
189 silly fetch manifest to-regex-range@^5.0.1
190 http fetch GET 200 https://registry.npmjs.org/to-regex-range 40ms (cache miss)
191 timing idealTree:node_modules/braces Completed in 43ms
192 timing idealTree:node_modules/diff Completed in 0ms
193 timing idealTree:node_modules/escape-string-regexp Completed in 0ms
194 silly placeDep ROOT to-regex-range@5.0.1 OK for: fill-range@7.1.1 want: ^5.0.1
195 silly fetch manifest is-number@^7.0.0
196 http fetch GET 200 https://registry.npmjs.org/is-number 36ms (cache miss)
197 timing idealTree:node_modules/fill-range Completed in 38ms
198 silly placeDep ROOT locate-path@6.0.0 OK for: find-up@5.0.0 want: ^6.0.0
199 silly fetch manifest p-locate@^5.0.0
200 silly placeDep ROOT path-exists@4.0.0 OK for: find-up@5.0.0 want: ^4.0.0
201 http fetch GET 200 https://registry.npmjs.org/p-locate 28ms (cache miss)
202 timing idealTree:node_modules/find-up Completed in 31ms
203 timing idealTree:node_modules/fsevents Completed in 0ms
204 silly placeDep ROOT fs.realpath@1.0.0 OK for: glob@8.1.0 want: ^1.0.0
205 silly placeDep ROOT inflight@1.0.6 OK for: glob@8.1.0 want: ^1.0.4
206 silly fetch manifest wrappy@1
207 silly placeDep ROOT once@1.4.0 OK for: glob@8.1.0 want: ^1.3.0
208 http fetch GET 200 https://registry.npmjs.org/wrappy 39ms (cache miss)
209 timing idealTree:node_modules/glob Completed in 47ms
210 timing idealTree:node_modules/fs.realpath Completed in 0ms
211 timing idealTree:node_modules/glob-parent Completed in 0ms
212 timing idealTree:node_modules/he Completed in 0ms
213 silly placeDep ROOT wrappy@1.0.2 OK for: inflight@1.0.6 want: 1
214 timing idealTree:node_modules/inflight Completed in 2ms
215 silly placeDep ROOT binary-extensions@2.3.0 OK for: is-binary-path@2.1.0 want: ^2.0.0
216 timing idealTree:node_modules/is-binary-path Completed in 1ms
217 timing idealTree:node_modules/binary-extensions Completed in 0ms
218 silly placeDep ROOT is-extglob@2.1.1 OK for: is-glob@4.0.3 want: ^2.1.1
219 timing idealTree:node_modules/is-glob Completed in 8ms
220 timing idealTree:node_modules/is-extglob Completed in 0ms
221 silly placeDep ROOT argparse@2.0.1 OK for: js-yaml@4.1.0 want: ^2.0.1
222 timing idealTree:node_modules/js-yaml Completed in 1ms
223 timing idealTree:node_modules/argparse Completed in 0ms
224 silly placeDep ROOT p-locate@5.0.0 OK for: locate-path@6.0.0 want: ^5.0.0
225 silly fetch manifest p-limit@^3.0.2
226 http fetch GET 200 https://registry.npmjs.org/p-limit 36ms (cache miss)
227 timing idealTree:node_modules/locate-path Completed in 38ms
228 silly placeDep ROOT chalk@4.1.2 OK for: log-symbols@4.1.0 want: ^4.1.0
229 silly fetch manifest ansi-styles@^4.1.0
230 silly fetch manifest supports-color@^7.1.0
231 silly placeDep ROOT is-unicode-supported@0.1.0 OK for: log-symbols@4.1.0 want: ^0.1.0
232 http fetch GET 200 https://registry.npmjs.org/ansi-styles 30ms (cache miss)
233 timing idealTree:node_modules/log-symbols Completed in 34ms
234 silly placeDep ROOT ansi-styles@4.3.0 OK for: chalk@4.1.2 want: ^4.1.0
235 silly fetch manifest color-convert@^2.0.1
236 silly placeDep node_modules/chalk supports-color@7.2.0 OK for: chalk@4.1.2 want: ^7.1.0
237 http fetch GET 200 https://registry.npmjs.org/color-convert 35ms (cache miss)
238 timing idealTree:node_modules/chalk Completed in 37ms
239 silly placeDep ROOT color-convert@2.0.1 OK for: ansi-styles@4.3.0 want: ^2.0.1
240 silly fetch manifest color-name@~1.1.4
241 http fetch GET 200 https://registry.npmjs.org/color-name 28ms (cache miss)
242 timing idealTree:node_modules/ansi-styles Completed in 33ms
243 silly placeDep ROOT color-name@1.1.4 OK for: color-convert@2.0.1 want: ~1.1.4
244 timing idealTree:node_modules/color-convert Completed in 1ms
245 timing idealTree:node_modules/color-name Completed in 0ms
246 timing idealTree:node_modules/is-unicode-supported Completed in 0ms
247 silly placeDep ROOT brace-expansion@2.0.1 OK for: minimatch@5.1.6 want: ^2.0.1
248 silly fetch manifest balanced-match@^1.0.0
249 http fetch GET 200 https://registry.npmjs.org/balanced-match 40ms (cache miss)
250 timing idealTree:node_modules/minimatch Completed in 42ms
251 silly placeDep ROOT balanced-match@1.0.2 OK for: brace-expansion@2.0.1 want: ^1.0.0
252 timing idealTree:node_modules/brace-expansion Completed in 1ms
253 timing idealTree:node_modules/balanced-match Completed in 0ms
254 timing idealTree:node_modules/normalize-path Completed in 0ms
255 timing idealTree:node_modules/once Completed in 0ms
256 silly placeDep ROOT p-limit@3.1.0 OK for: p-locate@5.0.0 want: ^3.0.2
257 silly fetch manifest yocto-queue@^0.1.0
258 http fetch GET 200 https://registry.npmjs.org/yocto-queue 29ms (cache miss)
259 timing idealTree:node_modules/p-locate Completed in 31ms
260 silly placeDep ROOT yocto-queue@0.1.0 OK for: p-limit@3.1.0 want: ^0.1.0
261 timing idealTree:node_modules/p-limit Completed in 1ms
262 timing idealTree:node_modules/path-exists Completed in 0ms
263 timing idealTree:node_modules/picomatch Completed in 0ms
264 timing idealTree:node_modules/readdirp Completed in 0ms
265 silly placeDep ROOT randombytes@2.1.0 OK for: serialize-javascript@6.0.2 want: ^2.1.0
266 timing idealTree:node_modules/serialize-javascript Completed in 2ms
267 timing idealTree:node_modules/randombytes Completed in 0ms
268 timing idealTree:node_modules/strip-json-comments Completed in 0ms
269 silly placeDep ROOT has-flag@4.0.0 OK for: supports-color@8.1.1 want: ^4.0.0
270 timing idealTree:node_modules/supports-color Completed in 1ms
271 timing idealTree:node_modules/has-flag Completed in 0ms
272 silly placeDep ROOT is-number@7.0.0 OK for: to-regex-range@5.0.1 want: ^7.0.0
273 timing idealTree:node_modules/to-regex-range Completed in 1ms
274 timing idealTree:node_modules/is-number Completed in 0ms
275 timing idealTree:node_modules/workerpool Completed in 0ms
276 timing idealTree:node_modules/wrappy Completed in 0ms
277 silly placeDep ROOT cliui@7.0.4 OK for: yargs@16.2.0 want: ^7.0.2
278 silly fetch manifest strip-ansi@^6.0.0
279 silly fetch manifest wrap-ansi@^7.0.0
280 silly placeDep ROOT escalade@3.1.2 OK for: yargs@16.2.0 want: ^3.1.1
281 silly placeDep ROOT get-caller-file@2.0.5 OK for: yargs@16.2.0 want: ^2.0.5
282 silly placeDep ROOT require-directory@2.1.1 OK for: yargs@16.2.0 want: ^2.1.1
283 silly placeDep ROOT string-width@4.2.3 OK for: yargs@16.2.0 want: ^4.2.0
284 silly fetch manifest strip-ansi@^6.0.1
285 silly fetch manifest emoji-regex@^8.0.0
286 silly fetch manifest is-fullwidth-code-point@^3.0.0
287 silly placeDep ROOT y18n@5.0.8 OK for: yargs@16.2.0 want: ^5.0.5
288 http fetch GET 200 https://registry.npmjs.org/strip-ansi 52ms (cache miss)
289 http fetch GET 200 https://registry.npmjs.org/is-fullwidth-code-point 54ms (cache miss)
290 http fetch GET 200 https://registry.npmjs.org/strip-ansi 62ms (cache miss)
291 http fetch GET 200 https://registry.npmjs.org/wrap-ansi 60ms (cache miss)
292 http fetch GET 200 https://registry.npmjs.org/emoji-regex 57ms (cache miss)
293 timing idealTree:node_modules/yargs Completed in 70ms
294 silly placeDep ROOT strip-ansi@6.0.1 OK for: cliui@7.0.4 want: ^6.0.0
295 silly fetch manifest ansi-regex@^5.0.1
296 silly placeDep ROOT wrap-ansi@7.0.0 OK for: cliui@7.0.4 want: ^7.0.0
297 http fetch GET 200 https://registry.npmjs.org/ansi-regex 45ms (cache miss)
298 timing idealTree:node_modules/cliui Completed in 48ms
299 timing idealTree:node_modules/escalade Completed in 0ms
300 timing idealTree:node_modules/get-caller-file Completed in 0ms
301 timing idealTree:node_modules/require-directory Completed in 0ms
302 silly placeDep ROOT emoji-regex@8.0.0 OK for: string-width@4.2.3 want: ^8.0.0
303 silly placeDep ROOT is-fullwidth-code-point@3.0.0 OK for: string-width@4.2.3 want: ^3.0.0
304 timing idealTree:node_modules/string-width Completed in 3ms
305 timing idealTree:node_modules/emoji-regex Completed in 0ms
306 timing idealTree:node_modules/is-fullwidth-code-point Completed in 0ms
307 silly placeDep ROOT ansi-regex@5.0.1 OK for: strip-ansi@6.0.1 want: ^5.0.1
308 timing idealTree:node_modules/strip-ansi Completed in 1ms
309 timing idealTree:node_modules/ansi-regex Completed in 0ms
310 timing idealTree:node_modules/wrap-ansi Completed in 0ms
311 timing idealTree:node_modules/y18n Completed in 0ms
312 timing idealTree:node_modules/yargs-parser Completed in 0ms
313 silly placeDep ROOT camelcase@6.3.0 OK for: yargs-unparser@2.0.0 want: ^6.0.0
314 silly placeDep ROOT decamelize@4.0.0 OK for: yargs-unparser@2.0.0 want: ^4.0.0
315 silly placeDep ROOT flat@5.0.2 OK for: yargs-unparser@2.0.0 want: ^5.0.2
316 silly placeDep ROOT is-plain-obj@2.1.0 OK for: yargs-unparser@2.0.0 want: ^2.1.0
317 timing idealTree:node_modules/yargs-unparser Completed in 4ms
318 timing idealTree:node_modules/camelcase Completed in 0ms
319 timing idealTree:node_modules/decamelize Completed in 0ms
320 timing idealTree:node_modules/flat Completed in 0ms
321 timing idealTree:node_modules/is-plain-obj Completed in 0ms
322 timing idealTree:node_modules/yocto-queue Completed in 0ms
323 timing idealTree:node_modules/chalk/node_modules/supports-color Completed in 0ms
324 silly placeDep node_modules/mocha/node_modules/debug ms@2.1.2 OK for: debug@4.3.5 want: 2.1.2
325 timing idealTree:node_modules/mocha/node_modules/debug Completed in 1ms
326 timing idealTree:node_modules/mocha/node_modules/ms Completed in 0ms
327 timing idealTree:node_modules/mocha/node_modules/debug/node_modules/ms Completed in 0ms
328 timing idealTree:buildDeps Completed in 1313ms
329 timing idealTree:fixDepFlags Completed in 2ms
330 timing idealTree Completed in 1386ms
331 timing reify:loadTrees Completed in 1387ms
332 timing reify:diffTrees Completed in 8ms
333 silly reify moves {}
334 timing reify:retireShallow Completed in 1ms
335 timing reify:createSparse Completed in 46ms
336 timing reify:loadBundles Completed in 0ms
337 silly audit bulk request {
337 silly audit   accepts: [ '1.3.8' ],
337 silly audit   'array-flatten': [ '1.1.1' ],
337 silly audit   'body-parser': [ '1.20.2' ],
337 silly audit   bytes: [ '3.1.2' ],
337 silly audit   'call-bind': [ '1.0.7' ],
337 silly audit   'content-disposition': [ '0.5.4' ],
337 silly audit   'content-type': [ '1.0.5' ],
337 silly audit   cookie: [ '0.6.0' ],
337 silly audit   'cookie-signature': [ '1.0.6' ],
337 silly audit   debug: [ '2.6.9', '4.3.5' ],
337 silly audit   'define-data-property': [ '1.1.4' ],
337 silly audit   depd: [ '2.0.0' ],
337 silly audit   destroy: [ '1.2.0' ],
337 silly audit   'ee-first': [ '1.1.1' ],
337 silly audit   encodeurl: [ '1.0.2' ],
337 silly audit   'es-define-property': [ '1.0.0' ],
337 silly audit   'es-errors': [ '1.3.0' ],
337 silly audit   'escape-html': [ '1.0.3' ],
337 silly audit   etag: [ '1.8.1' ],
337 silly audit   express: [ '4.19.2' ],
337 silly audit   finalhandler: [ '1.2.0' ],
337 silly audit   forwarded: [ '0.2.0' ],
337 silly audit   fresh: [ '0.5.2' ],
337 silly audit   'function-bind': [ '1.1.2' ],
337 silly audit   'get-intrinsic': [ '1.2.4' ],
337 silly audit   gopd: [ '1.0.1' ],
337 silly audit   'has-property-descriptors': [ '1.0.2' ],
337 silly audit   'has-proto': [ '1.0.3' ],
337 silly audit   'has-symbols': [ '1.0.3' ],
337 silly audit   hasown: [ '2.0.2' ],
337 silly audit   'http-errors': [ '2.0.0' ],
337 silly audit   'iconv-lite': [ '0.4.24' ],
337 silly audit   inherits: [ '2.0.4' ],
337 silly audit   'ipaddr.js': [ '1.9.1' ],
337 silly audit   'media-typer': [ '0.3.0' ],
337 silly audit   'merge-descriptors': [ '1.0.1' ],
337 silly audit   methods: [ '1.1.2' ],
337 silly audit   mime: [ '1.6.0' ],
337 silly audit   'mime-db': [ '1.52.0' ],
337 silly audit   'mime-types': [ '2.1.35' ],
337 silly audit   ms: [ '2.0.0', '2.1.3', '2.1.2' ],
337 silly audit   negotiator: [ '0.6.3' ],
337 silly audit   'object-inspect': [ '1.13.2' ],
337 silly audit   'on-finished': [ '2.4.1' ],
337 silly audit   parseurl: [ '1.3.3' ],
337 silly audit   'path-to-regexp': [ '0.1.7' ],
337 silly audit   'proxy-addr': [ '2.0.7' ],
337 silly audit   qs: [ '6.11.0' ],
337 silly audit   'range-parser': [ '1.2.1' ],
337 silly audit   'raw-body': [ '2.5.2' ],
337 silly audit   'safe-buffer': [ '5.2.1' ],
337 silly audit   'safer-buffer': [ '2.1.2' ],
337 silly audit   send: [ '0.18.0' ],
337 silly audit   'serve-static': [ '1.15.0' ],
337 silly audit   'set-function-length': [ '1.2.2' ],
337 silly audit   setprototypeof: [ '1.2.0' ],
337 silly audit   'side-channel': [ '1.0.6' ],
337 silly audit   statuses: [ '2.0.1' ],
337 silly audit   toidentifier: [ '1.0.1' ],
337 silly audit   'type-is': [ '1.6.18' ],
337 silly audit   unpipe: [ '1.0.0' ],
337 silly audit   'utils-merge': [ '1.0.1' ],
337 silly audit   vary: [ '1.1.2' ],
337 silly audit   mocha: [ '10.7.0' ],
337 silly audit   'ansi-colors': [ '4.1.3' ],
337 silly audit   'browser-stdout': [ '1.3.1' ],
337 silly audit   chokidar: [ '3.6.0' ],
337 silly audit   diff: [ '5.2.0' ],
337 silly audit   'escape-string-regexp': [ '4.0.0' ],
337 silly audit   'find-up': [ '5.0.0' ],
337 silly audit   glob: [ '8.1.0' ],
337 silly audit   he: [ '1.2.0' ],
337 silly audit   'js-yaml': [ '4.1.0' ],
337 silly audit   'log-symbols': [ '4.1.0' ],
337 silly audit   minimatch: [ '5.1.6' ],
337 silly audit   'serialize-javascript': [ '6.0.2' ],
337 silly audit   'strip-json-comments': [ '3.1.1' ],
337 silly audit   'supports-color': [ '8.1.1', '7.2.0' ],
337 silly audit   workerpool: [ '6.5.1' ],
337 silly audit   yargs: [ '16.2.0' ],
337 silly audit   'yargs-parser': [ '20.2.9' ],
337 silly audit   'yargs-unparser': [ '2.0.0' ],
337 silly audit   anymatch: [ '3.1.3' ],
337 silly audit   braces: [ '3.0.3' ],
337 silly audit   fsevents: [ '2.3.3' ],
337 silly audit   'glob-parent': [ '5.1.2' ],
337 silly audit   'is-binary-path': [ '2.1.0' ],
337 silly audit   'is-glob': [ '4.0.3' ],
337 silly audit   'normalize-path': [ '3.0.0' ],
337 silly audit   readdirp: [ '3.6.0' ],
337 silly audit   picomatch: [ '2.3.1' ],
337 silly audit   'fill-range': [ '7.1.1' ],
337 silly audit   'to-regex-range': [ '5.0.1' ],
337 silly audit   'locate-path': [ '6.0.0' ],
337 silly audit   'path-exists': [ '4.0.0' ],
337 silly audit   'fs.realpath': [ '1.0.0' ],
337 silly audit   inflight: [ '1.0.6' ],
337 silly audit   once: [ '1.4.0' ],
337 silly audit   wrappy: [ '1.0.2' ],
337 silly audit   'binary-extensions': [ '2.3.0' ],
337 silly audit   'is-extglob': [ '2.1.1' ],
337 silly audit   argparse: [ '2.0.1' ],
337 silly audit   'p-locate': [ '5.0.0' ],
337 silly audit   chalk: [ '4.1.2' ],
337 silly audit   'is-unicode-supported': [ '0.1.0' ],
337 silly audit   'ansi-styles': [ '4.3.0' ],
337 silly audit   'color-convert': [ '2.0.1' ],
337 silly audit   'color-name': [ '1.1.4' ],
337 silly audit   'brace-expansion': [ '2.0.1' ],
337 silly audit   'balanced-match': [ '1.0.2' ],
337 silly audit   'p-limit': [ '3.1.0' ],
337 silly audit   'yocto-queue': [ '0.1.0' ],
337 silly audit   randombytes: [ '2.1.0' ],
337 silly audit   'has-flag': [ '4.0.0' ],
337 silly audit   'is-number': [ '7.0.0' ],
337 silly audit   cliui: [ '7.0.4' ],
337 silly audit   escalade: [ '3.1.2' ],
337 silly audit   'get-caller-file': [ '2.0.5' ],
337 silly audit   'require-directory': [ '2.1.1' ],
337 silly audit   'string-width': [ '4.2.3' ],
337 silly audit   y18n: [ '5.0.8' ],
337 silly audit   'strip-ansi': [ '6.0.1' ],
337 silly audit   'wrap-ansi': [ '7.0.0' ],
337 silly audit   'emoji-regex': [ '8.0.0' ],
337 silly audit   'is-fullwidth-code-point': [ '3.0.0' ],
337 silly audit   'ansi-regex': [ '5.0.1' ],
337 silly audit   camelcase: [ '6.3.0' ],
337 silly audit   decamelize: [ '4.0.0' ],
337 silly audit   flat: [ '5.0.2' ],
337 silly audit   'is-plain-obj': [ '2.1.0' ]
337 silly audit }
338 verbose reify failed optional dependency /root/myapp/node_modules/fsevents
339 silly reify mark deleted [ '/root/myapp/node_modules/fsevents' ]
340 timing reifyNode:node_modules/fsevents Completed in 19ms
341 silly tarball no local data for is-plain-obj@https://registry.npmjs.org/is-plain-obj/-/is-plain-obj-2.1.0.tgz. Extracting by manifest.
342 silly tarball no local data for flat@https://registry.npmjs.org/flat/-/flat-5.0.2.tgz. Extracting by manifest.
343 silly tarball no local data for decamelize@https://registry.npmjs.org/decamelize/-/decamelize-4.0.0.tgz. Extracting by manifest.
344 silly tarball no local data for camelcase@https://registry.npmjs.org/camelcase/-/camelcase-6.3.0.tgz. Extracting by manifest.
345 silly tarball no local data for ansi-regex@https://registry.npmjs.org/ansi-regex/-/ansi-regex-5.0.1.tgz. Extracting by manifest.
346 silly tarball no local data for is-fullwidth-code-point@https://registry.npmjs.org/is-fullwidth-code-point/-/is-fullwidth-code-point-3.0.0.tgz. Extracting by manifest.
347 silly tarball no local data for emoji-regex@https://registry.npmjs.org/emoji-regex/-/emoji-regex-8.0.0.tgz. Extracting by manifest.
348 silly tarball no local data for wrap-ansi@https://registry.npmjs.org/wrap-ansi/-/wrap-ansi-7.0.0.tgz. Extracting by manifest.
349 silly tarball no local data for strip-ansi@https://registry.npmjs.org/strip-ansi/-/strip-ansi-6.0.1.tgz. Extracting by manifest.
350 silly tarball no local data for y18n@https://registry.npmjs.org/y18n/-/y18n-5.0.8.tgz. Extracting by manifest.
351 silly tarball no local data for string-width@https://registry.npmjs.org/string-width/-/string-width-4.2.3.tgz. Extracting by manifest.
352 silly tarball no local data for require-directory@https://registry.npmjs.org/require-directory/-/require-directory-2.1.1.tgz. Extracting by manifest.
353 silly tarball no local data for get-caller-file@https://registry.npmjs.org/get-caller-file/-/get-caller-file-2.0.5.tgz. Extracting by manifest.
354 silly tarball no local data for escalade@https://registry.npmjs.org/escalade/-/escalade-3.1.2.tgz. Extracting by manifest.
355 silly tarball no local data for cliui@https://registry.npmjs.org/cliui/-/cliui-7.0.4.tgz. Extracting by manifest.
356 silly tarball no local data for is-number@https://registry.npmjs.org/is-number/-/is-number-7.0.0.tgz. Extracting by manifest.
357 silly tarball no local data for has-flag@https://registry.npmjs.org/has-flag/-/has-flag-4.0.0.tgz. Extracting by manifest.
358 silly tarball no local data for randombytes@https://registry.npmjs.org/randombytes/-/randombytes-2.1.0.tgz. Extracting by manifest.
359 silly tarball no local data for yocto-queue@https://registry.npmjs.org/yocto-queue/-/yocto-queue-0.1.0.tgz. Extracting by manifest.
360 silly tarball no local data for p-limit@https://registry.npmjs.org/p-limit/-/p-limit-3.1.0.tgz. Extracting by manifest.
361 silly tarball no local data for balanced-match@https://registry.npmjs.org/balanced-match/-/balanced-match-1.0.2.tgz. Extracting by manifest.
362 silly tarball no local data for brace-expansion@https://registry.npmjs.org/brace-expansion/-/brace-expansion-2.0.1.tgz. Extracting by manifest.
363 silly tarball no local data for color-name@https://registry.npmjs.org/color-name/-/color-name-1.1.4.tgz. Extracting by manifest.
364 silly tarball no local data for color-convert@https://registry.npmjs.org/color-convert/-/color-convert-2.0.1.tgz. Extracting by manifest.
365 silly tarball no local data for ansi-styles@https://registry.npmjs.org/ansi-styles/-/ansi-styles-4.3.0.tgz. Extracting by manifest.
366 silly tarball no local data for is-unicode-supported@https://registry.npmjs.org/is-unicode-supported/-/is-unicode-supported-0.1.0.tgz. Extracting by manifest.
367 silly tarball no local data for chalk@https://registry.npmjs.org/chalk/-/chalk-4.1.2.tgz. Extracting by manifest.
368 silly tarball no local data for p-locate@https://registry.npmjs.org/p-locate/-/p-locate-5.0.0.tgz. Extracting by manifest.
369 silly tarball no local data for argparse@https://registry.npmjs.org/argparse/-/argparse-2.0.1.tgz. Extracting by manifest.
370 silly tarball no local data for is-extglob@https://registry.npmjs.org/is-extglob/-/is-extglob-2.1.1.tgz. Extracting by manifest.
371 silly tarball no local data for binary-extensions@https://registry.npmjs.org/binary-extensions/-/binary-extensions-2.3.0.tgz. Extracting by manifest.
372 silly tarball no local data for wrappy@https://registry.npmjs.org/wrappy/-/wrappy-1.0.2.tgz. Extracting by manifest.
373 silly tarball no local data for once@https://registry.npmjs.org/once/-/once-1.4.0.tgz. Extracting by manifest.
374 silly tarball no local data for inflight@https://registry.npmjs.org/inflight/-/inflight-1.0.6.tgz. Extracting by manifest.
375 silly tarball no local data for fs.realpath@https://registry.npmjs.org/fs.realpath/-/fs.realpath-1.0.0.tgz. Extracting by manifest.
376 silly tarball no local data for path-exists@https://registry.npmjs.org/path-exists/-/path-exists-4.0.0.tgz. Extracting by manifest.
377 silly tarball no local data for locate-path@https://registry.npmjs.org/locate-path/-/locate-path-6.0.0.tgz. Extracting by manifest.
378 silly tarball no local data for to-regex-range@https://registry.npmjs.org/to-regex-range/-/to-regex-range-5.0.1.tgz. Extracting by manifest.
379 silly tarball no local data for fill-range@https://registry.npmjs.org/fill-range/-/fill-range-7.1.1.tgz. Extracting by manifest.
380 silly tarball no local data for picomatch@https://registry.npmjs.org/picomatch/-/picomatch-2.3.1.tgz. Extracting by manifest.
381 silly tarball no local data for readdirp@https://registry.npmjs.org/readdirp/-/readdirp-3.6.0.tgz. Extracting by manifest.
382 silly tarball no local data for normalize-path@https://registry.npmjs.org/normalize-path/-/normalize-path-3.0.0.tgz. Extracting by manifest.
383 silly tarball no local data for is-glob@https://registry.npmjs.org/is-glob/-/is-glob-4.0.3.tgz. Extracting by manifest.
384 silly tarball no local data for is-binary-path@https://registry.npmjs.org/is-binary-path/-/is-binary-path-2.1.0.tgz. Extracting by manifest.
385 silly tarball no local data for glob-parent@https://registry.npmjs.org/glob-parent/-/glob-parent-5.1.2.tgz. Extracting by manifest.
386 silly tarball no local data for braces@https://registry.npmjs.org/braces/-/braces-3.0.3.tgz. Extracting by manifest.
387 silly tarball no local data for anymatch@https://registry.npmjs.org/anymatch/-/anymatch-3.1.3.tgz. Extracting by manifest.
388 silly tarball no local data for yargs-unparser@https://registry.npmjs.org/yargs-unparser/-/yargs-unparser-2.0.0.tgz. Extracting by manifest.
389 silly tarball no local data for yargs-parser@https://registry.npmjs.org/yargs-parser/-/yargs-parser-20.2.9.tgz. Extracting by manifest.
390 silly tarball no local data for yargs@https://registry.npmjs.org/yargs/-/yargs-16.2.0.tgz. Extracting by manifest.
391 silly tarball no local data for workerpool@https://registry.npmjs.org/workerpool/-/workerpool-6.5.1.tgz. Extracting by manifest.
392 silly tarball no local data for supports-color@https://registry.npmjs.org/supports-color/-/supports-color-8.1.1.tgz. Extracting by manifest.
393 silly tarball no local data for strip-json-comments@https://registry.npmjs.org/strip-json-comments/-/strip-json-comments-3.1.1.tgz. Extracting by manifest.
394 silly tarball no local data for serialize-javascript@https://registry.npmjs.org/serialize-javascript/-/serialize-javascript-6.0.2.tgz. Extracting by manifest.
395 silly tarball no local data for minimatch@https://registry.npmjs.org/minimatch/-/minimatch-5.1.6.tgz. Extracting by manifest.
396 silly tarball no local data for log-symbols@https://registry.npmjs.org/log-symbols/-/log-symbols-4.1.0.tgz. Extracting by manifest.
397 silly tarball no local data for js-yaml@https://registry.npmjs.org/js-yaml/-/js-yaml-4.1.0.tgz. Extracting by manifest.
398 silly tarball no local data for he@https://registry.npmjs.org/he/-/he-1.2.0.tgz. Extracting by manifest.
399 silly tarball no local data for glob@https://registry.npmjs.org/glob/-/glob-8.1.0.tgz. Extracting by manifest.
400 silly tarball no local data for find-up@https://registry.npmjs.org/find-up/-/find-up-5.0.0.tgz. Extracting by manifest.
401 silly tarball no local data for escape-string-regexp@https://registry.npmjs.org/escape-string-regexp/-/escape-string-regexp-4.0.0.tgz. Extracting by manifest.
402 silly tarball no local data for diff@https://registry.npmjs.org/diff/-/diff-5.2.0.tgz. Extracting by manifest.
403 silly tarball no local data for chokidar@https://registry.npmjs.org/chokidar/-/chokidar-3.6.0.tgz. Extracting by manifest.
404 silly tarball no local data for browser-stdout@https://registry.npmjs.org/browser-stdout/-/browser-stdout-1.3.1.tgz. Extracting by manifest.
405 silly tarball no local data for ansi-colors@https://registry.npmjs.org/ansi-colors/-/ansi-colors-4.1.3.tgz. Extracting by manifest.
406 silly tarball no local data for mocha@https://registry.npmjs.org/mocha/-/mocha-10.7.0.tgz. Extracting by manifest.
407 silly tarball no local data for supports-color@https://registry.npmjs.org/supports-color/-/supports-color-7.2.0.tgz. Extracting by manifest.
408 silly tarball no local data for debug@https://registry.npmjs.org/debug/-/debug-4.3.5.tgz. Extracting by manifest.
409 silly tarball no local data for ms@https://registry.npmjs.org/ms/-/ms-2.1.2.tgz. Extracting by manifest.
410 http fetch POST 200 https://registry.npmjs.org/-/npm/v1/security/advisories/bulk 422ms
411 timing auditReport:getReport Completed in 426ms
412 silly audit report {}
413 timing auditReport:init Completed in 0ms
414 timing reify:audit Completed in 427ms
415 timing reifyNode:node_modules/mocha/node_modules/ms Completed in 559ms
416 http fetch GET 200 https://registry.npmjs.org/is-plain-obj/-/is-plain-obj-2.1.0.tgz 665ms (cache miss)
417 timing reifyNode:node_modules/is-plain-obj Completed in 709ms
418 http fetch GET 200 https://registry.npmjs.org/emoji-regex/-/emoji-regex-8.0.0.tgz 661ms (cache miss)
419 timing reifyNode:node_modules/emoji-regex Completed in 709ms
420 http fetch GET 200 https://registry.npmjs.org/ansi-regex/-/ansi-regex-5.0.1.tgz 664ms (cache miss)
421 timing reifyNode:node_modules/ansi-regex Completed in 710ms
422 http fetch GET 200 https://registry.npmjs.org/randombytes/-/randombytes-2.1.0.tgz 650ms (cache miss)
423 timing reifyNode:node_modules/randombytes Completed in 710ms
424 http fetch GET 200 https://registry.npmjs.org/string-width/-/string-width-4.2.3.tgz 658ms (cache miss)
425 timing reifyNode:node_modules/string-width Completed in 711ms
426 http fetch GET 200 https://registry.npmjs.org/flat/-/flat-5.0.2.tgz 673ms (cache miss)
427 timing reifyNode:node_modules/flat Completed in 717ms
428 http fetch GET 200 https://registry.npmjs.org/strip-ansi/-/strip-ansi-6.0.1.tgz 668ms (cache miss)
429 timing reifyNode:node_modules/strip-ansi Completed in 717ms
430 http fetch GET 200 https://registry.npmjs.org/has-flag/-/has-flag-4.0.0.tgz 660ms (cache miss)
431 timing reifyNode:node_modules/has-flag Completed in 717ms
432 http fetch GET 200 https://registry.npmjs.org/escalade/-/escalade-3.1.2.tgz 668ms (cache miss)
433 timing reifyNode:node_modules/escalade Completed in 724ms
434 http fetch GET 200 https://registry.npmjs.org/brace-expansion/-/brace-expansion-2.0.1.tgz 660ms (cache miss)
435 timing reifyNode:node_modules/brace-expansion Completed in 724ms
436 http fetch GET 200 https://registry.npmjs.org/decamelize/-/decamelize-4.0.0.tgz 680ms (cache miss)
437 timing reifyNode:node_modules/decamelize Completed in 725ms
438 http fetch GET 200 https://registry.npmjs.org/binary-extensions/-/binary-extensions-2.3.0.tgz 654ms (cache miss)
439 timing reifyNode:node_modules/binary-extensions Completed in 721ms
440 http fetch GET 200 https://registry.npmjs.org/once/-/once-1.4.0.tgz 652ms (cache miss)
441 timing reifyNode:node_modules/once Completed in 721ms
442 http fetch GET 200 https://registry.npmjs.org/camelcase/-/camelcase-6.3.0.tgz 686ms (cache miss)
443 timing reifyNode:node_modules/camelcase Completed in 731ms
444 http fetch GET 200 https://registry.npmjs.org/p-limit/-/p-limit-3.1.0.tgz 670ms (cache miss)
445 timing reifyNode:node_modules/p-limit Completed in 731ms
446 http fetch GET 200 https://registry.npmjs.org/balanced-match/-/balanced-match-1.0.2.tgz 669ms (cache miss)
447 timing reifyNode:node_modules/balanced-match Completed in 731ms
448 http fetch GET 200 https://registry.npmjs.org/color-name/-/color-name-1.1.4.tgz 668ms (cache miss)
449 timing reifyNode:node_modules/color-name Completed in 731ms
450 http fetch GET 200 https://registry.npmjs.org/locate-path/-/locate-path-6.0.0.tgz 649ms (cache miss)
451 timing reifyNode:node_modules/locate-path Completed in 728ms
452 http fetch GET 200 https://registry.npmjs.org/wrap-ansi/-/wrap-ansi-7.0.0.tgz 691ms (cache miss)
453 timing reifyNode:node_modules/wrap-ansi Completed in 740ms
454 http fetch GET 200 https://registry.npmjs.org/require-directory/-/require-directory-2.1.1.tgz 686ms (cache miss)
455 timing reifyNode:node_modules/require-directory Completed in 740ms
456 http fetch GET 200 https://registry.npmjs.org/is-fullwidth-code-point/-/is-fullwidth-code-point-3.0.0.tgz 693ms (cache miss)
457 timing reifyNode:node_modules/is-fullwidth-code-point Completed in 740ms
458 http fetch GET 200 https://registry.npmjs.org/is-number/-/is-number-7.0.0.tgz 683ms (cache miss)
459 timing reifyNode:node_modules/is-number Completed in 740ms
460 http fetch GET 200 https://registry.npmjs.org/is-unicode-supported/-/is-unicode-supported-0.1.0.tgz 674ms (cache miss)
461 timing reifyNode:node_modules/is-unicode-supported Completed in 736ms
462 http fetch GET 200 https://registry.npmjs.org/p-locate/-/p-locate-5.0.0.tgz 671ms (cache miss)
463 timing reifyNode:node_modules/p-locate Completed in 737ms
464 http fetch GET 200 https://registry.npmjs.org/is-extglob/-/is-extglob-2.1.1.tgz 671ms (cache miss)
465 timing reifyNode:node_modules/is-extglob Completed in 737ms
466 http fetch GET 200 https://registry.npmjs.org/wrappy/-/wrappy-1.0.2.tgz 669ms (cache miss)
467 timing reifyNode:node_modules/wrappy Completed in 738ms
468 http fetch GET 200 https://registry.npmjs.org/path-exists/-/path-exists-4.0.0.tgz 660ms (cache miss)
469 timing reifyNode:node_modules/path-exists Completed in 738ms
470 http fetch GET 200 https://registry.npmjs.org/is-binary-path/-/is-binary-path-2.1.0.tgz 651ms (cache miss)
471 timing reifyNode:node_modules/is-binary-path Completed in 739ms
472 http fetch GET 200 https://registry.npmjs.org/get-caller-file/-/get-caller-file-2.0.5.tgz 692ms (cache miss)
473 timing reifyNode:node_modules/get-caller-file Completed in 747ms
474 http fetch GET 200 https://registry.npmjs.org/ansi-styles/-/ansi-styles-4.3.0.tgz 681ms (cache miss)
475 timing reifyNode:node_modules/ansi-styles Completed in 742ms
476 http fetch GET 200 https://registry.npmjs.org/fs.realpath/-/fs.realpath-1.0.0.tgz 666ms (cache miss)
477 timing reifyNode:node_modules/fs.realpath Completed in 743ms
478 http fetch GET 200 https://registry.npmjs.org/cliui/-/cliui-7.0.4.tgz 699ms (cache miss)
479 timing reifyNode:node_modules/cliui Completed in 754ms
480 http fetch GET 200 https://registry.npmjs.org/chalk/-/chalk-4.1.2.tgz 686ms (cache miss)
481 timing reifyNode:node_modules/chalk Completed in 750ms
482 http fetch GET 200 https://registry.npmjs.org/inflight/-/inflight-1.0.6.tgz 677ms (cache miss)
483 warn deprecated inflight@1.0.6: This module is not supported, and leaks memory. Do not use it. Check out lru-cache if you want a good and tested way to coalesce async requests by a key value, which is much more comprehensive and powerful.
484 timing reifyNode:node_modules/inflight Completed in 752ms
485 http fetch GET 200 https://registry.npmjs.org/normalize-path/-/normalize-path-3.0.0.tgz 669ms (cache miss)
486 timing reifyNode:node_modules/normalize-path Completed in 752ms
487 http fetch GET 200 https://registry.npmjs.org/is-glob/-/is-glob-4.0.3.tgz 666ms (cache miss)
488 timing reifyNode:node_modules/is-glob Completed in 753ms
489 http fetch GET 200 https://registry.npmjs.org/braces/-/braces-3.0.3.tgz 665ms (cache miss)
490 http fetch GET 200 https://registry.npmjs.org/escape-string-regexp/-/escape-string-regexp-4.0.0.tgz 621ms (cache miss)
491 timing reifyNode:node_modules/escape-string-regexp Completed in 754ms
492 http fetch GET 200 https://registry.npmjs.org/yocto-queue/-/yocto-queue-0.1.0.tgz 699ms (cache miss)
493 timing reifyNode:node_modules/yocto-queue Completed in 760ms
494 http fetch GET 200 https://registry.npmjs.org/glob-parent/-/glob-parent-5.1.2.tgz 669ms (cache miss)
495 timing reifyNode:node_modules/glob-parent Completed in 757ms
496 http fetch GET 200 https://registry.npmjs.org/strip-json-comments/-/strip-json-comments-3.1.1.tgz 661ms (cache miss)
497 timing reifyNode:node_modules/strip-json-comments Completed in 758ms
498 http fetch GET 200 https://registry.npmjs.org/supports-color/-/supports-color-8.1.1.tgz 663ms (cache miss)
499 timing reifyNode:node_modules/supports-color Completed in 758ms
500 http fetch GET 200 https://registry.npmjs.org/yargs-unparser/-/yargs-unparser-2.0.0.tgz 674ms (cache miss)
501 timing reifyNode:node_modules/yargs-unparser Completed in 764ms
502 http fetch GET 200 https://registry.npmjs.org/browser-stdout/-/browser-stdout-1.3.1.tgz 611ms (cache miss)
503 timing reifyNode:node_modules/browser-stdout Completed in 764ms
504 http fetch GET 200 https://registry.npmjs.org/ansi-colors/-/ansi-colors-4.1.3.tgz 610ms (cache miss)
505 timing reifyNode:node_modules/ansi-colors Completed in 764ms
506 http fetch GET 200 https://registry.npmjs.org/ms/-/ms-2.1.2.tgz 606ms (cache miss)
507 timing reifyNode:node_modules/mocha/node_modules/debug/node_modules/ms Completed in 764ms
508 http fetch GET 200 https://registry.npmjs.org/to-regex-range/-/to-regex-range-5.0.1.tgz 688ms (cache miss)
509 timing reifyNode:node_modules/to-regex-range Completed in 769ms
510 http fetch GET 200 https://registry.npmjs.org/anymatch/-/anymatch-3.1.3.tgz 687ms (cache miss)
511 timing reifyNode:node_modules/anymatch Completed in 776ms
512 timing reifyNode:node_modules/braces Completed in 776ms
513 http fetch GET 200 https://registry.npmjs.org/log-symbols/-/log-symbols-4.1.0.tgz 679ms (cache miss)
514 timing reifyNode:node_modules/log-symbols Completed in 778ms
515 http fetch GET 200 https://registry.npmjs.org/color-convert/-/color-convert-2.0.1.tgz 720ms (cache miss)
516 timing reifyNode:node_modules/color-convert Completed in 784ms
517 http fetch GET 200 https://registry.npmjs.org/readdirp/-/readdirp-3.6.0.tgz 700ms (cache miss)
518 timing reifyNode:node_modules/readdirp Completed in 782ms
519 http fetch GET 200 https://registry.npmjs.org/serialize-javascript/-/serialize-javascript-6.0.2.tgz 684ms (cache miss)
520 timing reifyNode:node_modules/serialize-javascript Completed in 781ms
521 http fetch GET 200 https://registry.npmjs.org/minimatch/-/minimatch-5.1.6.tgz 685ms (cache miss)
522 timing reifyNode:node_modules/minimatch Completed in 782ms
523 http fetch GET 200 https://registry.npmjs.org/find-up/-/find-up-5.0.0.tgz 659ms (cache miss)
524 timing reifyNode:node_modules/find-up Completed in 782ms
525 http fetch GET 200 https://registry.npmjs.org/supports-color/-/supports-color-7.2.0.tgz 627ms (cache miss)
526 timing reifyNode:node_modules/chalk/node_modules/supports-color Completed in 784ms
527 http fetch GET 200 https://registry.npmjs.org/y18n/-/y18n-5.0.8.tgz 741ms (cache miss)
528 timing reifyNode:node_modules/y18n Completed in 791ms
529 http fetch GET 200 https://registry.npmjs.org/fill-range/-/fill-range-7.1.1.tgz 707ms (cache miss)
530 timing reifyNode:node_modules/fill-range Completed in 787ms
531 http fetch GET 200 https://registry.npmjs.org/glob/-/glob-8.1.0.tgz 692ms (cache miss)
532 warn deprecated glob@8.1.0: Glob versions prior to v9 are no longer supported
533 timing reifyNode:node_modules/glob Completed in 792ms
534 http fetch GET 200 https://registry.npmjs.org/he/-/he-1.2.0.tgz 700ms (cache miss)
535 timing reifyNode:node_modules/he Completed in 800ms
536 http fetch GET 200 https://registry.npmjs.org/debug/-/debug-4.3.5.tgz 644ms (cache miss)
537 timing reifyNode:node_modules/mocha/node_modules/debug Completed in 801ms
538 http fetch GET 200 https://registry.npmjs.org/argparse/-/argparse-2.0.1.tgz 738ms (cache miss)
539 timing reifyNode:node_modules/argparse Completed in 804ms
540 http fetch GET 200 https://registry.npmjs.org/chokidar/-/chokidar-3.6.0.tgz 664ms (cache miss)
541 timing reifyNode:node_modules/chokidar Completed in 804ms
542 http fetch GET 200 https://registry.npmjs.org/picomatch/-/picomatch-2.3.1.tgz 725ms (cache miss)
543 timing reifyNode:node_modules/picomatch Completed in 806ms
544 http fetch GET 200 https://registry.npmjs.org/yargs-parser/-/yargs-parser-20.2.9.tgz 718ms (cache miss)
545 timing reifyNode:node_modules/yargs-parser Completed in 809ms
546 http fetch GET 200 https://registry.npmjs.org/workerpool/-/workerpool-6.5.1.tgz 766ms (cache miss)
547 timing reifyNode:node_modules/workerpool Completed in 860ms
548 http fetch GET 200 https://registry.npmjs.org/js-yaml/-/js-yaml-4.1.0.tgz 793ms (cache miss)
549 timing reifyNode:node_modules/js-yaml Completed in 893ms
550 http fetch GET 200 https://registry.npmjs.org/diff/-/diff-5.2.0.tgz 766ms (cache miss)
551 timing reifyNode:node_modules/diff Completed in 908ms
552 http fetch GET 200 https://registry.npmjs.org/yargs/-/yargs-16.2.0.tgz 825ms (cache miss)
553 timing reifyNode:node_modules/yargs Completed in 918ms
554 http fetch GET 200 https://registry.npmjs.org/mocha/-/mocha-10.7.0.tgz 783ms (cache miss)
555 timing reifyNode:node_modules/mocha Completed in 938ms
556 timing reify:unpack Completed in 946ms
557 timing reify:unretire Completed in 0ms
558 timing build:queue Completed in 3ms
559 timing build:link:node_modules/flat Completed in 3ms
560 timing build:link:node_modules/he Completed in 2ms
561 timing build:link:node_modules/js-yaml Completed in 2ms
562 timing build:link:node_modules/mocha Completed in 2ms
563 timing build:link Completed in 3ms
564 timing build:deps Completed in 6ms
565 timing build Completed in 6ms
566 timing reify:build Completed in 7ms
567 timing reify:trash Completed in 1ms
568 timing reify:save Completed in 36ms
569 timing reify Completed in 2475ms
570 silly ADD node_modules/is-plain-obj
571 silly ADD node_modules/flat
572 silly ADD node_modules/decamelize
573 silly ADD node_modules/camelcase
574 silly ADD node_modules/ansi-regex
575 silly ADD node_modules/is-fullwidth-code-point
576 silly ADD node_modules/emoji-regex
577 silly ADD node_modules/wrap-ansi
578 silly ADD node_modules/strip-ansi
579 silly ADD node_modules/y18n
580 silly ADD node_modules/string-width
581 silly ADD node_modules/require-directory
582 silly ADD node_modules/get-caller-file
583 silly ADD node_modules/escalade
584 silly ADD node_modules/cliui
585 silly ADD node_modules/is-number
586 silly ADD node_modules/has-flag
587 silly ADD node_modules/randombytes
588 silly ADD node_modules/yocto-queue
589 silly ADD node_modules/p-limit
590 silly ADD node_modules/balanced-match
591 silly ADD node_modules/brace-expansion
592 silly ADD node_modules/color-name
593 silly ADD node_modules/color-convert
594 silly ADD node_modules/ansi-styles
595 silly ADD node_modules/is-unicode-supported
596 silly ADD node_modules/chalk
597 silly ADD node_modules/chalk/node_modules/supports-color
598 silly ADD node_modules/p-locate
599 silly ADD node_modules/argparse
600 silly ADD node_modules/is-extglob
601 silly ADD node_modules/binary-extensions
602 silly ADD node_modules/wrappy
603 silly ADD node_modules/once
604 silly ADD node_modules/inflight
605 silly ADD node_modules/fs.realpath
606 silly ADD node_modules/path-exists
607 silly ADD node_modules/locate-path
608 silly ADD node_modules/to-regex-range
609 silly ADD node_modules/fill-range
610 silly ADD node_modules/picomatch
611 silly ADD node_modules/readdirp
612 silly ADD node_modules/normalize-path
613 silly ADD node_modules/is-glob
614 silly ADD node_modules/is-binary-path
615 silly ADD node_modules/glob-parent
616 silly ADD
617 silly ADD node_modules/braces
618 silly ADD node_modules/anymatch
619 silly ADD node_modules/yargs-unparser
620 silly ADD node_modules/yargs-parser
621 silly ADD node_modules/yargs
622 silly ADD node_modules/workerpool
623 silly ADD node_modules/supports-color
624 silly ADD node_modules/strip-json-comments
625 silly ADD node_modules/serialize-javascript
626 silly ADD node_modules/minimatch
627 silly ADD node_modules/log-symbols
628 silly ADD node_modules/js-yaml
629 silly ADD node_modules/he
630 silly ADD node_modules/glob
631 silly ADD node_modules/find-up
632 silly ADD node_modules/escape-string-regexp
633 silly ADD node_modules/diff
634 silly ADD node_modules/chokidar
635 silly ADD node_modules/browser-stdout
636 silly ADD node_modules/ansi-colors
637 silly ADD node_modules/mocha
638 silly ADD node_modules/mocha/node_modules/ms
639 silly ADD node_modules/mocha/node_modules/debug
640 silly ADD node_modules/mocha/node_modules/debug/node_modules/ms
641 timing command:install Completed in 2482ms
642 verbose exit 0
643 timing npm Completed in 2705ms
644 info ok
